nohup: ignoring input
Detected GPUs: 1 GPU(s)
 - NVIDIA GeForce RTX 4090
[Info] No previous replay or train_state found, start from scratch.
[EP 1] Buffer=659, T=1.00, Loss=5.1474, Policy Loss=3.2301, Value Loss=1.0160
[EP 2] Buffer=1386, T=1.00, Loss=5.1218, Policy Loss=3.2183, Value Loss=1.0038
[EP 3] Buffer=2035, T=1.00, Loss=5.1138, Policy Loss=3.2171, Value Loss=0.9992
[EP 4] Buffer=2806, T=1.00, Loss=5.1115, Policy Loss=3.2157, Value Loss=1.0009
[EP 5] Buffer=3567, T=1.00, Loss=5.1070, Policy Loss=3.2151, Value Loss=0.9997
[EP 6] Buffer=4211, T=1.00, Loss=5.1046, Policy Loss=3.2149, Value Loss=1.0004
[EP 7] Buffer=4818, T=1.00, Loss=5.1011, Policy Loss=3.2146, Value Loss=1.0002
[EP 8] Buffer=5552, T=0.99, Loss=5.0923, Policy Loss=3.2132, Value Loss=0.9959
[EP 9] Buffer=6178, T=0.99, Loss=5.0913, Policy Loss=3.2139, Value Loss=0.9975
[EP 10] Buffer=7027, T=0.99, Loss=5.0915, Policy Loss=3.2132, Value Loss=1.0016
[EP 11] Buffer=7638, T=0.99, Loss=5.0826, Policy Loss=3.2131, Value Loss=0.9962
[EP 12] Buffer=8347, T=0.99, Loss=5.0789, Policy Loss=3.2139, Value Loss=0.9950
[EP 13] Buffer=9028, T=0.99, Loss=5.0784, Policy Loss=3.2139, Value Loss=0.9980
[EP 14] Buffer=9707, T=0.99, Loss=5.0702, Policy Loss=3.2143, Value Loss=0.9929
[EP 15] Buffer=10413, T=0.99, Loss=5.0691, Policy Loss=3.2140, Value Loss=0.9956
[EP 16] Buffer=11111, T=0.99, Loss=5.0649, Policy Loss=3.2140, Value Loss=0.9951
[EP 17] Buffer=11718, T=0.99, Loss=5.0554, Policy Loss=3.2138, Value Loss=0.9894
[EP 18] Buffer=12394, T=0.99, Loss=5.0560, Policy Loss=3.2140, Value Loss=0.9933
[EP 19] Buffer=13086, T=0.99, Loss=5.0479, Policy Loss=3.2139, Value Loss=0.9891
[EP 20] Buffer=13703, T=0.98, Loss=5.0380, Policy Loss=3.2143, Value Loss=0.9824
[EP 21] Buffer=14243, T=0.98, Loss=5.0475, Policy Loss=3.2143, Value Loss=0.9955
[EP 22] Buffer=14931, T=0.98, Loss=5.0291, Policy Loss=3.2140, Value Loss=0.9811
[EP 23] Buffer=15550, T=0.98, Loss=5.0158, Policy Loss=3.2135, Value Loss=0.9720
[EP 24] Buffer=16183, T=0.98, Loss=4.9991, Policy Loss=3.2139, Value Loss=0.9585
[EP 25] Buffer=16656, T=0.98, Loss=5.0284, Policy Loss=3.2152, Value Loss=0.9901
[EP 26] Buffer=17223, T=0.98, Loss=5.0118, Policy Loss=3.2141, Value Loss=0.9781
[EP 27] Buffer=17930, T=0.98, Loss=4.9895, Policy Loss=3.2131, Value Loss=0.9605
[EP 28] Buffer=18596, T=0.98, Loss=5.0034, Policy Loss=3.2123, Value Loss=0.9788
[EP 29] Buffer=19217, T=0.98, Loss=4.9878, Policy Loss=3.2120, Value Loss=0.9672
[EP 30] Buffer=19788, T=0.98, Loss=4.9657, Policy Loss=3.2121, Value Loss=0.9486
[EP 31] Buffer=20387, T=0.98, Loss=4.9652, Policy Loss=3.2119, Value Loss=0.9520
[EP 32] Buffer=21006, T=0.97, Loss=4.9631, Policy Loss=3.2107, Value Loss=0.9546
[EP 33] Buffer=21509, T=0.97, Loss=4.9529, Policy Loss=3.2111, Value Loss=0.9476
[EP 34] Buffer=22204, T=0.97, Loss=4.9501, Policy Loss=3.2101, Value Loss=0.9493
[EP 35] Buffer=22633, T=0.97, Loss=4.9296, Policy Loss=3.2105, Value Loss=0.9318
[EP 36] Buffer=23335, T=0.97, Loss=4.9127, Policy Loss=3.2089, Value Loss=0.9201
[EP 37] Buffer=23803, T=0.97, Loss=4.9109, Policy Loss=3.2081, Value Loss=0.9225
[EP 38] Buffer=24246, T=0.97, Loss=4.9217, Policy Loss=3.2079, Value Loss=0.9369
[EP 39] Buffer=24975, T=0.97, Loss=4.9039, Policy Loss=3.2073, Value Loss=0.9230
[EP 40] Buffer=25535, T=0.97, Loss=4.8845, Policy Loss=3.2066, Value Loss=0.9078
[EP 41] Buffer=25969, T=0.97, Loss=4.8881, Policy Loss=3.2058, Value Loss=0.9154
[EP 42] Buffer=26390, T=0.97, Loss=4.8367, Policy Loss=3.2050, Value Loss=0.8682
[EP 43] Buffer=26888, T=0.97, Loss=4.8352, Policy Loss=3.2025, Value Loss=0.8725
[EP 44] Buffer=27271, T=0.96, Loss=4.8438, Policy Loss=3.2049, Value Loss=0.8819
[EP 45] Buffer=27810, T=0.96, Loss=4.8266, Policy Loss=3.2038, Value Loss=0.8690
[EP 46] Buffer=28338, T=0.96, Loss=4.8210, Policy Loss=3.2020, Value Loss=0.8684
[EP 47] Buffer=28809, T=0.96, Loss=4.8024, Policy Loss=3.2022, Value Loss=0.8527
[EP 48] Buffer=29308, T=0.96, Loss=4.8179, Policy Loss=3.1999, Value Loss=0.8736
[EP 49] Buffer=29778, T=0.96, Loss=4.7507, Policy Loss=3.1968, Value Loss=0.8125
[EP 50] Saving checkpoint and starting evaluation...
[EP 50] Evaluation done. Win rate: 0.00% (AI: 0, Minimax: 1, Draws: 0)
[EP 51] Buffer=30739, T=0.96, Loss=4.7667, Policy Loss=3.1947, Value Loss=0.8366
[EP 52] Buffer=31202, T=0.96, Loss=4.7321, Policy Loss=3.1906, Value Loss=0.8091
[EP 53] Buffer=31764, T=0.96, Loss=4.7252, Policy Loss=3.1854, Value Loss=0.8105
[EP 54] Buffer=32248, T=0.96, Loss=4.7203, Policy Loss=3.1855, Value Loss=0.8083
[EP 55] Buffer=32751, T=0.96, Loss=4.6973, Policy Loss=3.1806, Value Loss=0.7932
[EP 56] Buffer=33262, T=0.95, Loss=4.7274, Policy Loss=3.1800, Value Loss=0.8268
[EP 57] Buffer=33690, T=0.95, Loss=4.7080, Policy Loss=3.1780, Value Loss=0.8122
[EP 58] Buffer=34113, T=0.95, Loss=4.7005, Policy Loss=3.1744, Value Loss=0.8112
[EP 59] Buffer=34450, T=0.95, Loss=4.6724, Policy Loss=3.1690, Value Loss=0.7912
[EP 60] Buffer=34958, T=0.95, Loss=4.7024, Policy Loss=3.1680, Value Loss=0.8251
[EP 61] Buffer=35443, T=0.95, Loss=4.6501, Policy Loss=3.1692, Value Loss=0.7743
[EP 62] Buffer=35791, T=0.95, Loss=4.6353, Policy Loss=3.1650, Value Loss=0.7665
[EP 63] Buffer=36234, T=0.95, Loss=4.6124, Policy Loss=3.1668, Value Loss=0.7444
[EP 64] Buffer=36659, T=0.95, Loss=4.6501, Policy Loss=3.1621, Value Loss=0.7895
[EP 65] Buffer=37178, T=0.95, Loss=4.6358, Policy Loss=3.1525, Value Loss=0.7874
[EP 66] Buffer=37498, T=0.95, Loss=4.6239, Policy Loss=3.1527, Value Loss=0.7780
[EP 67] Buffer=37916, T=0.95, Loss=4.5997, Policy Loss=3.1524, Value Loss=0.7566
[EP 68] Buffer=38312, T=0.94, Loss=4.6044, Policy Loss=3.1511, Value Loss=0.7652
[EP 69] Buffer=38816, T=0.94, Loss=4.5945, Policy Loss=3.1488, Value Loss=0.7602
[EP 70] Buffer=39286, T=0.94, Loss=4.6153, Policy Loss=3.1488, Value Loss=0.7835
[EP 71] Buffer=39864, T=0.94, Loss=4.5556, Policy Loss=3.1364, Value Loss=0.7387
[EP 72] Buffer=40209, T=0.94, Loss=4.5508, Policy Loss=3.1352, Value Loss=0.7376
[EP 73] Buffer=40673, T=0.94, Loss=4.5627, Policy Loss=3.1417, Value Loss=0.7455
[EP 74] Buffer=41054, T=0.94, Loss=4.5482, Policy Loss=3.1320, Value Loss=0.7431
[EP 75] Buffer=41418, T=0.94, Loss=4.5406, Policy Loss=3.1326, Value Loss=0.7373
[EP 76] Buffer=41850, T=0.94, Loss=4.5308, Policy Loss=3.1240, Value Loss=0.7386
[EP 77] Buffer=42194, T=0.94, Loss=4.5138, Policy Loss=3.1191, Value Loss=0.7288
[EP 78] Buffer=42613, T=0.94, Loss=4.5221, Policy Loss=3.1205, Value Loss=0.7382
[EP 79] Buffer=42951, T=0.94, Loss=4.5153, Policy Loss=3.1124, Value Loss=0.7418
[EP 80] Buffer=43377, T=0.93, Loss=4.5188, Policy Loss=3.1153, Value Loss=0.7448
[EP 81] Buffer=43725, T=0.93, Loss=4.4812, Policy Loss=3.1118, Value Loss=0.7130
[EP 82] Buffer=44145, T=0.93, Loss=4.4817, Policy Loss=3.1064, Value Loss=0.7212
[EP 83] Buffer=44498, T=0.93, Loss=4.4790, Policy Loss=3.1083, Value Loss=0.7189
[EP 84] Buffer=44964, T=0.93, Loss=4.4893, Policy Loss=3.0919, Value Loss=0.7478
[EP 85] Buffer=45476, T=0.93, Loss=4.4592, Policy Loss=3.1007, Value Loss=0.7111
[EP 86] Buffer=45812, T=0.93, Loss=4.4441, Policy Loss=3.1015, Value Loss=0.6976
[EP 87] Buffer=46339, T=0.93, Loss=4.4482, Policy Loss=3.0935, Value Loss=0.7118
[EP 88] Buffer=46645, T=0.93, Loss=4.4349, Policy Loss=3.0882, Value Loss=0.7060
[EP 89] Buffer=47055, T=0.93, Loss=4.4212, Policy Loss=3.0780, Value Loss=0.7047
[EP 90] Buffer=47429, T=0.93, Loss=4.4200, Policy Loss=3.0838, Value Loss=0.6998
[EP 91] Buffer=47850, T=0.93, Loss=4.4356, Policy Loss=3.0805, Value Loss=0.7210
[EP 92] Buffer=48168, T=0.92, Loss=4.4267, Policy Loss=3.0785, Value Loss=0.7161
[EP 93] Buffer=48531, T=0.92, Loss=4.3934, Policy Loss=3.0797, Value Loss=0.6838
[EP 94] Buffer=48976, T=0.92, Loss=4.3842, Policy Loss=3.0625, Value Loss=0.6938
[EP 95] Buffer=49429, T=0.92, Loss=4.3733, Policy Loss=3.0682, Value Loss=0.6793
[EP 96] Buffer=49862, T=0.92, Loss=4.3774, Policy Loss=3.0658, Value Loss=0.6878
[EP 97] Buffer=50000, T=0.92, Loss=4.3887, Policy Loss=3.0633, Value Loss=0.7037
[EP 98] Buffer=50000, T=0.92, Loss=4.3527, Policy Loss=3.0542, Value Loss=0.6789
[EP 99] Buffer=50000, T=0.92, Loss=4.3393, Policy Loss=3.0456, Value Loss=0.6760
[EP 100] Saving checkpoint and starting evaluation...
[EP 101] Buffer=50000, T=0.92, Loss=4.3756, Policy Loss=3.0331, Value Loss=0.7288
[EP 102] Buffer=50000, T=0.92, Loss=4.3334, Policy Loss=3.0238, Value Loss=0.6981
[EP 103] Buffer=50000, T=0.92, Loss=4.2921, Policy Loss=3.0202, Value Loss=0.6626
[EP 104] Buffer=50000, T=0.92, Loss=4.2804, Policy Loss=3.0079, Value Loss=0.6654
[EP 105] Buffer=50000, T=0.91, Loss=4.2687, Policy Loss=3.0073, Value Loss=0.6566
[EP 106] Buffer=50000, T=0.91, Loss=4.2960, Policy Loss=3.0183, Value Loss=0.6749
[EP 107] Buffer=50000, T=0.91, Loss=4.2637, Policy Loss=3.0138, Value Loss=0.6492
[EP 108] Buffer=50000, T=0.91, Loss=4.2406, Policy Loss=2.9999, Value Loss=0.6421
[EP 109] Buffer=50000, T=0.91, Loss=4.2564, Policy Loss=3.0089, Value Loss=0.6510
[EP 110] Buffer=50000, T=0.91, Loss=4.2408, Policy Loss=2.9871, Value Loss=0.6592
[EP 111] Buffer=50000, T=0.91, Loss=4.2324, Policy Loss=2.9823, Value Loss=0.6576
[EP 112] Buffer=50000, T=0.91, Loss=4.2347, Policy Loss=2.9842, Value Loss=0.6599
[EP 113] Buffer=50000, T=0.91, Loss=4.2305, Policy Loss=2.9782, Value Loss=0.6638
[EP 114] Buffer=50000, T=0.91, Loss=4.2203, Policy Loss=2.9864, Value Loss=0.6474
[EP 115] Buffer=50000, T=0.91, Loss=4.1862, Policy Loss=2.9543, Value Loss=0.6473
[EP 116] Buffer=50000, T=0.91, Loss=4.2040, Policy Loss=2.9592, Value Loss=0.6622
[EP 117] Buffer=50000, T=0.90, Loss=4.1673, Policy Loss=2.9576, Value Loss=0.6290
[EP 118] Buffer=50000, T=0.90, Loss=4.1558, Policy Loss=2.9421, Value Loss=0.6349
[EP 119] Buffer=50000, T=0.90, Loss=4.1678, Policy Loss=2.9360, Value Loss=0.6550
[EP 120] Saving checkpoint and starting evaluation...
[EP 121] Buffer=50000, T=0.90, Loss=4.2026, Policy Loss=2.9390, Value Loss=0.6902
[EP 122] Buffer=50000, T=0.90, Loss=4.1400, Policy Loss=2.9332, Value Loss=0.6352
[EP 123] Buffer=50000, T=0.90, Loss=4.1265, Policy Loss=2.9196, Value Loss=0.6371
[EP 124] Buffer=50000, T=0.90, Loss=4.0988, Policy Loss=2.9180, Value Loss=0.6126
[EP 125] Buffer=50000, T=0.90, Loss=4.1343, Policy Loss=2.9174, Value Loss=0.6506
[EP 126] Buffer=50000, T=0.90, Loss=4.0905, Policy Loss=2.8912, Value Loss=0.6348
[EP 127] Buffer=50000, T=0.90, Loss=4.1063, Policy Loss=2.9006, Value Loss=0.6430
[EP 128] Buffer=50000, T=0.90, Loss=4.0915, Policy Loss=2.8749, Value Loss=0.6556
[EP 129] Buffer=50000, T=0.89, Loss=4.0862, Policy Loss=2.9079, Value Loss=0.6191
[EP 130] Buffer=50000, T=0.89, Loss=4.0689, Policy Loss=2.8799, Value Loss=0.6315
[EP 131] Buffer=50000, T=0.89, Loss=4.0641, Policy Loss=2.8942, Value Loss=0.6141
[EP 132] Buffer=50000, T=0.89, Loss=4.0768, Policy Loss=2.8878, Value Loss=0.6348
[EP 133] Buffer=50000, T=0.89, Loss=4.0430, Policy Loss=2.8733, Value Loss=0.6172
[EP 134] Buffer=50000, T=0.89, Loss=4.0533, Policy Loss=2.8643, Value Loss=0.6382
[EP 135] Buffer=50000, T=0.89, Loss=4.0481, Policy Loss=2.8582, Value Loss=0.6407
[EP 136] Buffer=50000, T=0.89, Loss=4.0423, Policy Loss=2.8629, Value Loss=0.6319
[EP 137] Buffer=50000, T=0.89, Loss=4.0368, Policy Loss=2.8503, Value Loss=0.6405
[EP 138] Buffer=50000, T=0.89, Loss=4.0158, Policy Loss=2.8487, Value Loss=0.6228
[EP 139] Buffer=50000, T=0.89, Loss=3.9909, Policy Loss=2.8464, Value Loss=0.6017
[EP 140] Saving checkpoint and starting evaluation...
[EP 140] Evaluation done. Win rate: 0.00% (AI: 0, Minimax: 1, Draws: 0)
[EP 141] Buffer=50000, T=0.88, Loss=4.0109, Policy Loss=2.8393, Value Loss=0.6319
[EP 142] Buffer=50000, T=0.88, Loss=3.9914, Policy Loss=2.8303, Value Loss=0.6230
[EP 143] Buffer=50000, T=0.88, Loss=3.9994, Policy Loss=2.8319, Value Loss=0.6309
[EP 144] Buffer=50000, T=0.88, Loss=3.9855, Policy Loss=2.8265, Value Loss=0.6239
[EP 145] Buffer=50000, T=0.88, Loss=4.0146, Policy Loss=2.8287, Value Loss=0.6523
[EP 146] Buffer=50000, T=0.88, Loss=3.9772, Policy Loss=2.8181, Value Loss=0.6269
[EP 147] Buffer=50000, T=0.88, Loss=3.9591, Policy Loss=2.8117, Value Loss=0.6168
[EP 148] Buffer=50000, T=0.88, Loss=3.9834, Policy Loss=2.8060, Value Loss=0.6482
[EP 149] Buffer=50000, T=0.88, Loss=3.9581, Policy Loss=2.7945, Value Loss=0.6359
[EP 150] Buffer=50000, T=0.88, Loss=3.9563, Policy Loss=2.7888, Value Loss=0.6411
[EP 151] Buffer=50000, T=0.88, Loss=3.9500, Policy Loss=2.7948, Value Loss=0.6303
[EP 152] Buffer=50000, T=0.88, Loss=3.9233, Policy Loss=2.7708, Value Loss=0.6290
[EP 153] Buffer=50000, T=0.87, Loss=3.9482, Policy Loss=2.7982, Value Loss=0.6278
[EP 154] Buffer=50000, T=0.87, Loss=3.9348, Policy Loss=2.7666, Value Loss=0.6474
[EP 155] Buffer=50000, T=0.87, Loss=3.9176, Policy Loss=2.7691, Value Loss=0.6291
[EP 156] Buffer=50000, T=0.87, Loss=3.9396, Policy Loss=2.7745, Value Loss=0.6471
[EP 157] Buffer=50000, T=0.87, Loss=3.9084, Policy Loss=2.7666, Value Loss=0.6251
[EP 158] Buffer=50000, T=0.87, Loss=3.9094, Policy Loss=2.7614, Value Loss=0.6327
[EP 159] Buffer=50000, T=0.87, Loss=3.9466, Policy Loss=2.7573, Value Loss=0.6754
[EP 160] Saving checkpoint and starting evaluation...
[EP 161] Buffer=50000, T=0.87, Loss=3.9163, Policy Loss=2.7413, Value Loss=0.6636
[EP 162] Buffer=50000, T=0.87, Loss=3.9330, Policy Loss=2.7583, Value Loss=0.6646
[EP 163] Buffer=50000, T=0.87, Loss=3.8945, Policy Loss=2.7351, Value Loss=0.6507
[EP 164] Buffer=50000, T=0.87, Loss=3.8913, Policy Loss=2.7532, Value Loss=0.6307
[EP 165] Buffer=50000, T=0.86, Loss=3.8718, Policy Loss=2.7260, Value Loss=0.6398
[EP 166] Buffer=50000, T=0.86, Loss=3.8971, Policy Loss=2.7462, Value Loss=0.6462
[EP 167] Buffer=50000, T=0.86, Loss=3.8977, Policy Loss=2.7411, Value Loss=0.6533
[EP 168] Buffer=50000, T=0.86, Loss=3.8977, Policy Loss=2.7296, Value Loss=0.6660
[EP 169] Buffer=50000, T=0.86, Loss=3.8614, Policy Loss=2.7272, Value Loss=0.6334
[EP 170] Buffer=50000, T=0.86, Loss=3.8725, Policy Loss=2.7198, Value Loss=0.6531
[EP 171] Buffer=50000, T=0.86, Loss=3.8583, Policy Loss=2.6999, Value Loss=0.6602
[EP 172] Buffer=50000, T=0.86, Loss=3.8747, Policy Loss=2.7074, Value Loss=0.6703
[EP 173] Buffer=50000, T=0.86, Loss=3.8366, Policy Loss=2.6979, Value Loss=0.6429
[EP 174] Buffer=50000, T=0.86, Loss=3.8454, Policy Loss=2.6959, Value Loss=0.6550
[EP 175] Buffer=50000, T=0.86, Loss=3.8485, Policy Loss=2.6859, Value Loss=0.6692
[EP 176] Buffer=50000, T=0.86, Loss=3.8410, Policy Loss=2.6970, Value Loss=0.6520
[EP 177] Buffer=50000, T=0.85, Loss=3.8286, Policy Loss=2.6869, Value Loss=0.6509
[EP 178] Buffer=50000, T=0.85, Loss=3.8329, Policy Loss=2.6758, Value Loss=0.6675
[EP 179] Buffer=50000, T=0.85, Loss=3.8311, Policy Loss=2.6949, Value Loss=0.6478
[EP 180] Buffer=50000, T=0.85, Loss=3.8404, Policy Loss=2.6699, Value Loss=0.6833
[EP 181] Buffer=50000, T=0.85, Loss=3.8035, Policy Loss=2.6495, Value Loss=0.6679
[EP 182] Buffer=50000, T=0.85, Loss=3.8296, Policy Loss=2.6728, Value Loss=0.6719
[EP 183] Buffer=50000, T=0.85, Loss=3.8232, Policy Loss=2.6686, Value Loss=0.6709
[EP 184] Buffer=50000, T=0.85, Loss=3.7997, Policy Loss=2.6565, Value Loss=0.6607
[EP 185] Buffer=50000, T=0.85, Loss=3.8110, Policy Loss=2.6501, Value Loss=0.6795
[EP 186] Buffer=50000, T=0.85, Loss=3.7909, Policy Loss=2.6500, Value Loss=0.6606
[EP 187] Buffer=50000, T=0.85, Loss=3.7876, Policy Loss=2.6490, Value Loss=0.6595
[EP 188] Buffer=50000, T=0.85, Loss=3.7699, Policy Loss=2.6293, Value Loss=0.6627
[EP 189] Buffer=50000, T=0.84, Loss=3.7893, Policy Loss=2.6389, Value Loss=0.6736
[EP 190] Buffer=50000, T=0.84, Loss=3.7951, Policy Loss=2.6437, Value Loss=0.6757
[EP 191] Buffer=50000, T=0.84, Loss=3.7725, Policy Loss=2.6360, Value Loss=0.6619
[EP 192] Buffer=50000, T=0.84, Loss=3.7589, Policy Loss=2.6356, Value Loss=0.6499
[EP 193] Buffer=50000, T=0.84, Loss=3.7551, Policy Loss=2.6195, Value Loss=0.6632
[EP 194] Buffer=50000, T=0.84, Loss=3.7505, Policy Loss=2.6094, Value Loss=0.6698
[EP 195] Buffer=50000, T=0.84, Loss=3.7549, Policy Loss=2.6154, Value Loss=0.6693
[EP 196] Buffer=50000, T=0.84, Loss=3.7463, Policy Loss=2.6347, Value Loss=0.6425
[EP 197] Buffer=50000, T=0.84, Loss=3.7373, Policy Loss=2.6172, Value Loss=0.6521
[EP 198] Buffer=50000, T=0.84, Loss=3.7431, Policy Loss=2.6180, Value Loss=0.6582
[EP 199] Buffer=50000, T=0.84, Loss=3.7144, Policy Loss=2.6066, Value Loss=0.6419
[EP 200] Saving checkpoint and starting evaluation...
[EP 201] Buffer=50000, T=0.84, Loss=3.7751, Policy Loss=2.6154, Value Loss=0.6958
[EP 202] Buffer=50000, T=0.83, Loss=3.7449, Policy Loss=2.6007, Value Loss=0.6812
[EP 203] Buffer=50000, T=0.83, Loss=3.7462, Policy Loss=2.6153, Value Loss=0.6688
[EP 204] Buffer=50000, T=0.83, Loss=3.7231, Policy Loss=2.6057, Value Loss=0.6564
[EP 205] Buffer=50000, T=0.83, Loss=3.7060, Policy Loss=2.5869, Value Loss=0.6591
[EP 206] Buffer=50000, T=0.83, Loss=3.7122, Policy Loss=2.5910, Value Loss=0.6622
[EP 207] Buffer=50000, T=0.83, Loss=3.7229, Policy Loss=2.5823, Value Loss=0.6828
[EP 208] Buffer=50000, T=0.83, Loss=3.7039, Policy Loss=2.5786, Value Loss=0.6684
[EP 209] Buffer=50000, T=0.83, Loss=3.6889, Policy Loss=2.5713, Value Loss=0.6618
[EP 210] Buffer=50000, T=0.83, Loss=3.7074, Policy Loss=2.5795, Value Loss=0.6731
[EP 211] Buffer=50000, T=0.83, Loss=3.7042, Policy Loss=2.5780, Value Loss=0.6725
[EP 212] Buffer=50000, T=0.83, Loss=3.6676, Policy Loss=2.5582, Value Loss=0.6567
[EP 213] Buffer=50000, T=0.83, Loss=3.7047, Policy Loss=2.5779, Value Loss=0.6751
[EP 214] Buffer=50000, T=0.82, Loss=3.6820, Policy Loss=2.5419, Value Loss=0.6893
[EP 215] Buffer=50000, T=0.82, Loss=3.6793, Policy Loss=2.5481, Value Loss=0.6813
[EP 216] Buffer=50000, T=0.82, Loss=3.6875, Policy Loss=2.5560, Value Loss=0.6826
[EP 217] Buffer=50000, T=0.82, Loss=3.7043, Policy Loss=2.5620, Value Loss=0.6943
[EP 218] Buffer=50000, T=0.82, Loss=3.6774, Policy Loss=2.5660, Value Loss=0.6644
[EP 219] Buffer=50000, T=0.82, Loss=3.6448, Policy Loss=2.5359, Value Loss=0.6630
[EP 220] Buffer=50000, T=0.82, Loss=3.6553, Policy Loss=2.5382, Value Loss=0.6720
[EP 221] Buffer=50000, T=0.82, Loss=3.6770, Policy Loss=2.5436, Value Loss=0.6893
[EP 222] Buffer=50000, T=0.82, Loss=3.6684, Policy Loss=2.5466, Value Loss=0.6786
[EP 223] Buffer=50000, T=0.82, Loss=3.6439, Policy Loss=2.5330, Value Loss=0.6687
[EP 224] Buffer=50000, T=0.82, Loss=3.6333, Policy Loss=2.5153, Value Loss=0.6767
[EP 225] Buffer=50000, T=0.82, Loss=3.6532, Policy Loss=2.5379, Value Loss=0.6749
[EP 226] Buffer=50000, T=0.81, Loss=3.6179, Policy Loss=2.5139, Value Loss=0.6646
[EP 227] Buffer=50000, T=0.81, Loss=3.6469, Policy Loss=2.5329, Value Loss=0.6755
[EP 228] Buffer=50000, T=0.81, Loss=3.6189, Policy Loss=2.5095, Value Loss=0.6718
[EP 229] Buffer=50000, T=0.81, Loss=3.6450, Policy Loss=2.5104, Value Loss=0.6979
[EP 230] Buffer=50000, T=0.81, Loss=3.5985, Policy Loss=2.5028, Value Loss=0.6600
[EP 231] Buffer=50000, T=0.81, Loss=3.6251, Policy Loss=2.5014, Value Loss=0.6888
[EP 232] Buffer=50000, T=0.81, Loss=3.6158, Policy Loss=2.5151, Value Loss=0.6668
[EP 233] Buffer=50000, T=0.81, Loss=3.6040, Policy Loss=2.4990, Value Loss=0.6719
[EP 234] Buffer=50000, T=0.81, Loss=3.6063, Policy Loss=2.5047, Value Loss=0.6694
[EP 235] Buffer=50000, T=0.81, Loss=3.5832, Policy Loss=2.4809, Value Loss=0.6711
[EP 236] Buffer=50000, T=0.81, Loss=3.5691, Policy Loss=2.4772, Value Loss=0.6616
[EP 237] Buffer=50000, T=0.81, Loss=3.5633, Policy Loss=2.4742, Value Loss=0.6597
[EP 238] Buffer=50000, T=0.80, Loss=3.5688, Policy Loss=2.4838, Value Loss=0.6566
[EP 239] Buffer=50000, T=0.80, Loss=3.5705, Policy Loss=2.4743, Value Loss=0.6686
[EP 240] Buffer=50000, T=0.80, Loss=3.5660, Policy Loss=2.4734, Value Loss=0.6659
[EP 241] Buffer=50000, T=0.80, Loss=3.5796, Policy Loss=2.4925, Value Loss=0.6613
[EP 242] Buffer=50000, T=0.80, Loss=3.5594, Policy Loss=2.4631, Value Loss=0.6712
[EP 243] Buffer=50000, T=0.80, Loss=3.5384, Policy Loss=2.4581, Value Loss=0.6562
[EP 244] Buffer=50000, T=0.80, Loss=3.5381, Policy Loss=2.4638, Value Loss=0.6510
[EP 245] Buffer=50000, T=0.80, Loss=3.5054, Policy Loss=2.4581, Value Loss=0.6249
[EP 246] Buffer=50000, T=0.80, Loss=3.5296, Policy Loss=2.4551, Value Loss=0.6530
[EP 247] Buffer=50000, T=0.80, Loss=3.5240, Policy Loss=2.4550, Value Loss=0.6483
[EP 248] Buffer=50000, T=0.80, Loss=3.5500, Policy Loss=2.4511, Value Loss=0.6791
[EP 249] Buffer=50000, T=0.80, Loss=3.5330, Policy Loss=2.4573, Value Loss=0.6567
[EP 250] Buffer=50000, T=0.79, Loss=3.5454, Policy Loss=2.4455, Value Loss=0.6818
[EP 251] Buffer=50000, T=0.79, Loss=3.5293, Policy Loss=2.4307, Value Loss=0.6813
[EP 252] Buffer=50000, T=0.79, Loss=3.5351, Policy Loss=2.4380, Value Loss=0.6806
[EP 253] Buffer=50000, T=0.79, Loss=3.5174, Policy Loss=2.4347, Value Loss=0.6670
[EP 254] Buffer=50000, T=0.79, Loss=3.5563, Policy Loss=2.4537, Value Loss=0.6877
[EP 255] Buffer=50000, T=0.79, Loss=3.5227, Policy Loss=2.4350, Value Loss=0.6735
[EP 256] Buffer=50000, T=0.79, Loss=3.5414, Policy Loss=2.4363, Value Loss=0.6916
[EP 257] Buffer=50000, T=0.79, Loss=3.5254, Policy Loss=2.4439, Value Loss=0.6688
[EP 258] Buffer=50000, T=0.79, Loss=3.5211, Policy Loss=2.4301, Value Loss=0.6791
[EP 259] Buffer=50000, T=0.79, Loss=3.5170, Policy Loss=2.4366, Value Loss=0.6695
[EP 260] Buffer=50000, T=0.79, Loss=3.5178, Policy Loss=2.4247, Value Loss=0.6829
[EP 261] Buffer=50000, T=0.79, Loss=3.5228, Policy Loss=2.4168, Value Loss=0.6966
[EP 262] Buffer=50000, T=0.78, Loss=3.5317, Policy Loss=2.4303, Value Loss=0.6928
[EP 263] Buffer=50000, T=0.78, Loss=3.4923, Policy Loss=2.4087, Value Loss=0.6758
[EP 264] Buffer=50000, T=0.78, Loss=3.4964, Policy Loss=2.4123, Value Loss=0.6770
[EP 265] Buffer=50000, T=0.78, Loss=3.5325, Policy Loss=2.4145, Value Loss=0.7117
[EP 266] Buffer=50000, T=0.78, Loss=3.5261, Policy Loss=2.4200, Value Loss=0.7006
[EP 267] Buffer=50000, T=0.78, Loss=3.4992, Policy Loss=2.4040, Value Loss=0.6905
[EP 268] Buffer=50000, T=0.78, Loss=3.5066, Policy Loss=2.4291, Value Loss=0.6735
[EP 269] Buffer=50000, T=0.78, Loss=3.4891, Policy Loss=2.4144, Value Loss=0.6715
[EP 270] Buffer=50000, T=0.78, Loss=3.5130, Policy Loss=2.4216, Value Loss=0.6889
[EP 271] Buffer=50000, T=0.78, Loss=3.4997, Policy Loss=2.3998, Value Loss=0.6982
[EP 272] Buffer=50000, T=0.78, Loss=3.5084, Policy Loss=2.4167, Value Loss=0.6907
[EP 273] Buffer=50000, T=0.78, Loss=3.5111, Policy Loss=2.4134, Value Loss=0.6974
[EP 274] Buffer=50000, T=0.77, Loss=3.5171, Policy Loss=2.3907, Value Loss=0.7269
[EP 275] Buffer=50000, T=0.77, Loss=3.4916, Policy Loss=2.3805, Value Loss=0.7123
[EP 276] Buffer=50000, T=0.77, Loss=3.5220, Policy Loss=2.3998, Value Loss=0.7242
[EP 277] Buffer=50000, T=0.77, Loss=3.4549, Policy Loss=2.3804, Value Loss=0.6771
[EP 278] Buffer=50000, T=0.77, Loss=3.4910, Policy Loss=2.3925, Value Loss=0.7020
[EP 279] Buffer=50000, T=0.77, Loss=3.4942, Policy Loss=2.3930, Value Loss=0.7053
[EP 280] Buffer=50000, T=0.77, Loss=3.4939, Policy Loss=2.3948, Value Loss=0.7041
[EP 281] Buffer=50000, T=0.77, Loss=3.4813, Policy Loss=2.4026, Value Loss=0.6844
[EP 282] Buffer=50000, T=0.77, Loss=3.5002, Policy Loss=2.3918, Value Loss=0.7148
[EP 283] Buffer=50000, T=0.77, Loss=3.4903, Policy Loss=2.3926, Value Loss=0.7048
[EP 284] Buffer=50000, T=0.77, Loss=3.4726, Policy Loss=2.3877, Value Loss=0.6927
[EP 285] Buffer=50000, T=0.77, Loss=3.5043, Policy Loss=2.4032, Value Loss=0.7096
[EP 286] Buffer=50000, T=0.76, Loss=3.5000, Policy Loss=2.3977, Value Loss=0.7116
[EP 287] Buffer=50000, T=0.76, Loss=3.5063, Policy Loss=2.3936, Value Loss=0.7226
[EP 288] Buffer=50000, T=0.76, Loss=3.4981, Policy Loss=2.3937, Value Loss=0.7150
[EP 289] Buffer=50000, T=0.76, Loss=3.5015, Policy Loss=2.3959, Value Loss=0.7169
[EP 290] Buffer=50000, T=0.76, Loss=3.4928, Policy Loss=2.3823, Value Loss=0.7225
[EP 291] Buffer=50000, T=0.76, Loss=3.4867, Policy Loss=2.3835, Value Loss=0.7159
[EP 292] Buffer=50000, T=0.76, Loss=3.4704, Policy Loss=2.3817, Value Loss=0.7021
[EP 293] Buffer=50000, T=0.76, Loss=3.4650, Policy Loss=2.3783, Value Loss=0.7007
[EP 294] Buffer=50000, T=0.76, Loss=3.5196, Policy Loss=2.4096, Value Loss=0.7246
[EP 295] Buffer=50000, T=0.76, Loss=3.4803, Policy Loss=2.3812, Value Loss=0.7145
[EP 296] Buffer=50000, T=0.76, Loss=3.5232, Policy Loss=2.3970, Value Loss=0.7423
[EP 297] Buffer=50000, T=0.76, Loss=3.4765, Policy Loss=2.3751, Value Loss=0.7182
[EP 298] Buffer=50000, T=0.75, Loss=3.4788, Policy Loss=2.3776, Value Loss=0.7187
[EP 299] Buffer=50000, T=0.75, Loss=3.4844, Policy Loss=2.3704, Value Loss=0.7321
[EP 300] Saving checkpoint and starting evaluation...
[EP 301] Buffer=50000, T=0.75, Loss=3.5227, Policy Loss=2.3905, Value Loss=0.7514
[EP 302] Buffer=50000, T=0.75, Loss=3.4667, Policy Loss=2.3735, Value Loss=0.7130
[EP 303] Buffer=50000, T=0.75, Loss=3.5020, Policy Loss=2.3750, Value Loss=0.7474
[EP 304] Buffer=50000, T=0.75, Loss=3.4807, Policy Loss=2.3786, Value Loss=0.7231
[EP 305] Buffer=50000, T=0.75, Loss=3.4950, Policy Loss=2.3869, Value Loss=0.7299
[EP 306] Buffer=50000, T=0.75, Loss=3.4998, Policy Loss=2.3827, Value Loss=0.7395
[EP 307] Buffer=50000, T=0.75, Loss=3.4799, Policy Loss=2.3875, Value Loss=0.7155
[EP 308] Buffer=50000, T=0.75, Loss=3.4825, Policy Loss=2.3831, Value Loss=0.7232
[EP 309] Buffer=50000, T=0.75, Loss=3.4923, Policy Loss=2.3841, Value Loss=0.7326
[EP 310] Buffer=50000, T=0.75, Loss=3.4773, Policy Loss=2.3809, Value Loss=0.7215
[EP 311] Buffer=50000, T=0.74, Loss=3.4855, Policy Loss=2.3895, Value Loss=0.7217
[EP 312] Buffer=50000, T=0.74, Loss=3.4868, Policy Loss=2.3724, Value Loss=0.7408
[EP 313] Buffer=50000, T=0.74, Loss=3.5246, Policy Loss=2.3894, Value Loss=0.7621
[EP 314] Buffer=50000, T=0.74, Loss=3.4702, Policy Loss=2.3686, Value Loss=0.7291
[EP 315] Buffer=50000, T=0.74, Loss=3.4611, Policy Loss=2.3676, Value Loss=0.7217
[EP 316] Buffer=50000, T=0.74, Loss=3.4493, Policy Loss=2.3640, Value Loss=0.7142
[EP 317] Buffer=50000, T=0.74, Loss=3.4704, Policy Loss=2.3888, Value Loss=0.7111
[EP 318] Buffer=50000, T=0.74, Loss=3.5061, Policy Loss=2.3858, Value Loss=0.7504
[EP 319] Buffer=50000, T=0.74, Loss=3.5063, Policy Loss=2.3907, Value Loss=0.7463
[EP 320] Buffer=50000, T=0.74, Loss=3.5015, Policy Loss=2.3805, Value Loss=0.7523
[EP 321] Buffer=50000, T=0.74, Loss=3.4904, Policy Loss=2.3775, Value Loss=0.7447
[EP 322] Buffer=50000, T=0.74, Loss=3.4837, Policy Loss=2.3797, Value Loss=0.7364
[EP 323] Buffer=50000, T=0.73, Loss=3.4772, Policy Loss=2.3792, Value Loss=0.7310
[EP 324] Buffer=50000, T=0.73, Loss=3.4795, Policy Loss=2.3735, Value Loss=0.7396
[EP 325] Buffer=50000, T=0.73, Loss=3.4780, Policy Loss=2.3753, Value Loss=0.7369
[EP 326] Buffer=50000, T=0.73, Loss=3.4779, Policy Loss=2.3595, Value Loss=0.7532
[EP 327] Buffer=50000, T=0.73, Loss=3.4877, Policy Loss=2.3745, Value Loss=0.7486
[EP 328] Buffer=50000, T=0.73, Loss=3.4948, Policy Loss=2.3725, Value Loss=0.7582
[EP 329] Buffer=50000, T=0.73, Loss=3.4992, Policy Loss=2.3804, Value Loss=0.7553
[EP 330] Buffer=50000, T=0.73, Loss=3.4953, Policy Loss=2.3824, Value Loss=0.7500
[EP 331] Buffer=50000, T=0.73, Loss=3.4802, Policy Loss=2.3731, Value Loss=0.7448
[EP 332] Buffer=50000, T=0.73, Loss=3.4639, Policy Loss=2.3586, Value Loss=0.7435
[EP 333] Buffer=50000, T=0.73, Loss=3.4934, Policy Loss=2.3743, Value Loss=0.7580
[EP 334] Buffer=50000, T=0.73, Loss=3.4576, Policy Loss=2.3725, Value Loss=0.7246
[EP 335] Buffer=50000, T=0.72, Loss=3.4761, Policy Loss=2.3691, Value Loss=0.7471
[EP 336] Buffer=50000, T=0.72, Loss=3.4611, Policy Loss=2.3730, Value Loss=0.7286
[EP 337] Buffer=50000, T=0.72, Loss=3.4648, Policy Loss=2.3673, Value Loss=0.7386
[EP 338] Buffer=50000, T=0.72, Loss=3.4579, Policy Loss=2.3721, Value Loss=0.7274
[EP 339] Buffer=50000, T=0.72, Loss=3.4764, Policy Loss=2.3763, Value Loss=0.7422
[EP 340] Buffer=50000, T=0.72, Loss=3.4803, Policy Loss=2.3866, Value Loss=0.7364
[EP 341] Buffer=50000, T=0.72, Loss=3.4685, Policy Loss=2.3894, Value Loss=0.7224
[EP 342] Buffer=50000, T=0.72, Loss=3.4634, Policy Loss=2.3712, Value Loss=0.7360
[EP 343] Buffer=50000, T=0.72, Loss=3.4603, Policy Loss=2.3684, Value Loss=0.7363
[EP 344] Buffer=50000, T=0.72, Loss=3.4396, Policy Loss=2.3613, Value Loss=0.7232
[EP 345] Buffer=50000, T=0.72, Loss=3.4848, Policy Loss=2.3899, Value Loss=0.7404
[EP 346] Buffer=50000, T=0.72, Loss=3.4492, Policy Loss=2.3593, Value Loss=0.7359
[EP 347] Buffer=50000, T=0.71, Loss=3.4719, Policy Loss=2.3736, Value Loss=0.7448
[EP 348] Buffer=50000, T=0.71, Loss=3.4754, Policy Loss=2.3761, Value Loss=0.7463
[EP 349] Buffer=50000, T=0.71, Loss=3.4458, Policy Loss=2.3563, Value Loss=0.7371
[EP 350] Buffer=50000, T=0.71, Loss=3.4343, Policy Loss=2.3673, Value Loss=0.7151
[EP 351] Buffer=50000, T=0.71, Loss=3.4508, Policy Loss=2.3460, Value Loss=0.7533
[EP 352] Buffer=50000, T=0.71, Loss=3.4356, Policy Loss=2.3583, Value Loss=0.7260
[EP 353] Buffer=50000, T=0.71, Loss=3.4310, Policy Loss=2.3537, Value Loss=0.7263
[EP 354] Buffer=50000, T=0.71, Loss=3.3974, Policy Loss=2.3354, Value Loss=0.7113
[EP 355] Buffer=50000, T=0.71, Loss=3.3749, Policy Loss=2.3182, Value Loss=0.7062
[EP 356] Buffer=50000, T=0.71, Loss=3.3948, Policy Loss=2.3170, Value Loss=0.7276
[EP 357] Buffer=50000, T=0.71, Loss=3.3996, Policy Loss=2.3354, Value Loss=0.7141
[EP 358] Buffer=50000, T=0.71, Loss=3.4402, Policy Loss=2.3406, Value Loss=0.7498
[EP 359] Buffer=50000, T=0.70, Loss=3.4218, Policy Loss=2.3331, Value Loss=0.7391
[EP 360] Buffer=50000, T=0.70, Loss=3.4006, Policy Loss=2.3346, Value Loss=0.7165
[EP 361] Buffer=50000, T=0.70, Loss=3.3933, Policy Loss=2.3190, Value Loss=0.7251
[EP 362] Buffer=50000, T=0.70, Loss=3.4213, Policy Loss=2.3298, Value Loss=0.7426
[EP 363] Buffer=50000, T=0.70, Loss=3.4276, Policy Loss=2.3262, Value Loss=0.7527
[EP 364] Buffer=50000, T=0.70, Loss=3.4180, Policy Loss=2.3267, Value Loss=0.7427
[EP 365] Buffer=50000, T=0.70, Loss=3.4208, Policy Loss=2.3483, Value Loss=0.7242
[EP 366] Buffer=50000, T=0.70, Loss=3.4054, Policy Loss=2.3247, Value Loss=0.7326
[EP 367] Buffer=50000, T=0.70, Loss=3.3905, Policy Loss=2.3098, Value Loss=0.7328
[EP 368] Buffer=50000, T=0.70, Loss=3.4028, Policy Loss=2.3170, Value Loss=0.7382
[EP 369] Buffer=50000, T=0.70, Loss=3.4114, Policy Loss=2.3218, Value Loss=0.7422
[EP 370] Buffer=50000, T=0.70, Loss=3.3968, Policy Loss=2.3231, Value Loss=0.7263
[EP 371] Buffer=50000, T=0.69, Loss=3.3957, Policy Loss=2.3219, Value Loss=0.7267
[EP 372] Buffer=50000, T=0.69, Loss=3.3960, Policy Loss=2.3238, Value Loss=0.7253
[EP 373] Buffer=50000, T=0.69, Loss=3.4238, Policy Loss=2.3274, Value Loss=0.7497
[EP 374] Buffer=50000, T=0.69, Loss=3.3905, Policy Loss=2.3053, Value Loss=0.7387
[EP 375] Buffer=50000, T=0.69, Loss=3.3970, Policy Loss=2.3065, Value Loss=0.7442
[EP 376] Buffer=50000, T=0.69, Loss=3.3950, Policy Loss=2.3180, Value Loss=0.7309
[EP 377] Buffer=50000, T=0.69, Loss=3.4067, Policy Loss=2.3281, Value Loss=0.7328
[EP 378] Buffer=50000, T=0.69, Loss=3.3882, Policy Loss=2.3131, Value Loss=0.7295
[EP 379] Buffer=50000, T=0.69, Loss=3.4061, Policy Loss=2.3124, Value Loss=0.7483
[EP 380] Buffer=50000, T=0.69, Loss=3.3817, Policy Loss=2.3228, Value Loss=0.7135
[EP 381] Buffer=50000, T=0.69, Loss=3.3740, Policy Loss=2.3037, Value Loss=0.7252
[EP 382] Buffer=50000, T=0.69, Loss=3.3930, Policy Loss=2.3218, Value Loss=0.7263
[EP 383] Buffer=50000, T=0.68, Loss=3.3894, Policy Loss=2.3108, Value Loss=0.7340
[EP 384] Buffer=50000, T=0.68, Loss=3.4009, Policy Loss=2.3250, Value Loss=0.7314
[EP 385] Buffer=50000, T=0.68, Loss=3.3700, Policy Loss=2.3141, Value Loss=0.7115
[EP 386] Buffer=50000, T=0.68, Loss=3.3674, Policy Loss=2.3105, Value Loss=0.7128
[EP 387] Buffer=50000, T=0.68, Loss=3.3783, Policy Loss=2.3068, Value Loss=0.7276
[EP 388] Buffer=50000, T=0.68, Loss=3.3929, Policy Loss=2.3145, Value Loss=0.7347
[EP 389] Buffer=50000, T=0.68, Loss=3.3855, Policy Loss=2.3148, Value Loss=0.7271
[EP 390] Buffer=50000, T=0.68, Loss=3.3838, Policy Loss=2.2959, Value Loss=0.7445
[EP 391] Buffer=50000, T=0.68, Loss=3.3930, Policy Loss=2.3198, Value Loss=0.7300
[EP 392] Buffer=50000, T=0.68, Loss=3.4041, Policy Loss=2.3074, Value Loss=0.7536
[EP 393] Buffer=50000, T=0.68, Loss=3.3885, Policy Loss=2.3097, Value Loss=0.7359
[EP 394] Buffer=50000, T=0.68, Loss=3.4045, Policy Loss=2.3163, Value Loss=0.7456
[EP 395] Buffer=50000, T=0.67, Loss=3.3803, Policy Loss=2.2957, Value Loss=0.7421
[EP 396] Buffer=50000, T=0.67, Loss=3.4037, Policy Loss=2.3125, Value Loss=0.7490
[EP 397] Buffer=50000, T=0.67, Loss=3.3743, Policy Loss=2.3187, Value Loss=0.7134
[EP 398] Buffer=50000, T=0.67, Loss=3.3983, Policy Loss=2.3036, Value Loss=0.7527
[EP 399] Buffer=50000, T=0.67, Loss=3.3874, Policy Loss=2.2905, Value Loss=0.7551
[EP 400] Buffer=50000, T=0.67, Loss=3.3834, Policy Loss=2.3144, Value Loss=0.7274
[EP 401] Buffer=50000, T=0.67, Loss=3.4186, Policy Loss=2.3333, Value Loss=0.7438
[EP 402] Buffer=50000, T=0.67, Loss=3.4055, Policy Loss=2.3115, Value Loss=0.7527
[EP 403] Buffer=50000, T=0.67, Loss=3.3837, Policy Loss=2.3073, Value Loss=0.7353
[EP 404] Buffer=50000, T=0.67, Loss=3.3786, Policy Loss=2.3159, Value Loss=0.7218
[EP 405] Buffer=50000, T=0.67, Loss=3.3963, Policy Loss=2.3206, Value Loss=0.7350
[EP 406] Buffer=50000, T=0.67, Loss=3.3775, Policy Loss=2.3233, Value Loss=0.7136
[EP 407] Buffer=50000, T=0.67, Loss=3.3997, Policy Loss=2.3239, Value Loss=0.7354
[EP 408] Buffer=50000, T=0.66, Loss=3.4101, Policy Loss=2.3326, Value Loss=0.7372
[EP 409] Buffer=50000, T=0.66, Loss=3.3727, Policy Loss=2.3241, Value Loss=0.7085
[EP 410] Buffer=50000, T=0.66, Loss=3.3770, Policy Loss=2.3189, Value Loss=0.7182
[EP 411] Buffer=50000, T=0.66, Loss=3.3713, Policy Loss=2.3136, Value Loss=0.7180
[EP 412] Buffer=50000, T=0.66, Loss=3.3583, Policy Loss=2.3228, Value Loss=0.6958
[EP 413] Buffer=50000, T=0.66, Loss=3.3723, Policy Loss=2.3219, Value Loss=0.7109
[EP 414] Buffer=50000, T=0.66, Loss=3.3910, Policy Loss=2.3249, Value Loss=0.7268
[EP 415] Buffer=50000, T=0.66, Loss=3.3853, Policy Loss=2.3321, Value Loss=0.7141
[EP 416] Buffer=50000, T=0.66, Loss=3.3711, Policy Loss=2.3276, Value Loss=0.7045
[EP 417] Buffer=50000, T=0.66, Loss=3.3661, Policy Loss=2.3347, Value Loss=0.6926
[EP 418] Buffer=50000, T=0.66, Loss=3.3800, Policy Loss=2.3434, Value Loss=0.6980
[EP 419] Buffer=50000, T=0.66, Loss=3.3890, Policy Loss=2.3608, Value Loss=0.6897
[EP 420] Buffer=50000, T=0.65, Loss=3.3572, Policy Loss=2.3393, Value Loss=0.6796
[EP 421] Buffer=50000, T=0.65, Loss=3.3515, Policy Loss=2.3332, Value Loss=0.6801
[EP 422] Buffer=50000, T=0.65, Loss=3.3742, Policy Loss=2.3368, Value Loss=0.6994
[EP 423] Buffer=50000, T=0.65, Loss=3.3547, Policy Loss=2.3499, Value Loss=0.6669
[EP 424] Buffer=50000, T=0.65, Loss=3.3562, Policy Loss=2.3540, Value Loss=0.6645
[EP 425] Buffer=50000, T=0.65, Loss=3.3563, Policy Loss=2.3527, Value Loss=0.6660
[EP 426] Buffer=50000, T=0.65, Loss=3.3385, Policy Loss=2.3539, Value Loss=0.6472
[EP 427] Buffer=50000, T=0.65, Loss=3.3642, Policy Loss=2.3703, Value Loss=0.6567
[EP 428] Buffer=50000, T=0.65, Loss=3.3420, Policy Loss=2.3691, Value Loss=0.6358
[EP 429] Buffer=50000, T=0.65, Loss=3.3269, Policy Loss=2.3435, Value Loss=0.6465
[EP 430] Buffer=50000, T=0.65, Loss=3.3570, Policy Loss=2.3698, Value Loss=0.6505
[EP 431] Buffer=50000, T=0.65, Loss=3.3291, Policy Loss=2.3674, Value Loss=0.6250
[EP 432] Buffer=50000, T=0.64, Loss=3.3320, Policy Loss=2.3732, Value Loss=0.6223
[EP 433] Buffer=50000, T=0.64, Loss=3.3459, Policy Loss=2.3865, Value Loss=0.6231
[EP 434] Buffer=50000, T=0.64, Loss=3.3344, Policy Loss=2.3849, Value Loss=0.6133
[EP 435] Buffer=50000, T=0.64, Loss=3.3358, Policy Loss=2.3798, Value Loss=0.6200
[EP 436] Buffer=50000, T=0.64, Loss=3.3250, Policy Loss=2.3815, Value Loss=0.6077
[EP 437] Buffer=50000, T=0.64, Loss=3.3290, Policy Loss=2.3754, Value Loss=0.6179
[EP 438] Buffer=50000, T=0.64, Loss=3.3526, Policy Loss=2.3848, Value Loss=0.6323
[EP 439] Buffer=50000, T=0.64, Loss=3.3137, Policy Loss=2.3795, Value Loss=0.5988
[EP 440] Buffer=50000, T=0.64, Loss=3.3351, Policy Loss=2.3909, Value Loss=0.6089
[EP 441] Buffer=50000, T=0.64, Loss=3.3023, Policy Loss=2.3701, Value Loss=0.5971
[EP 442] Buffer=50000, T=0.64, Loss=3.3113, Policy Loss=2.3739, Value Loss=0.6024
[EP 443] Buffer=50000, T=0.64, Loss=3.3001, Policy Loss=2.3850, Value Loss=0.5803
[EP 444] Buffer=50000, T=0.63, Loss=3.3000, Policy Loss=2.3696, Value Loss=0.5958
[EP 445] Buffer=50000, T=0.63, Loss=3.3023, Policy Loss=2.3930, Value Loss=0.5748
[EP 446] Buffer=50000, T=0.63, Loss=3.3034, Policy Loss=2.3855, Value Loss=0.5835
[EP 447] Buffer=50000, T=0.63, Loss=3.3115, Policy Loss=2.3977, Value Loss=0.5796
[EP 448] Buffer=50000, T=0.63, Loss=3.3303, Policy Loss=2.4150, Value Loss=0.5812
[EP 449] Buffer=50000, T=0.63, Loss=3.3015, Policy Loss=2.4025, Value Loss=0.5651
[EP 450] Buffer=50000, T=0.63, Loss=3.3037, Policy Loss=2.3908, Value Loss=0.5791
[EP 451] Buffer=50000, T=0.63, Loss=3.2859, Policy Loss=2.3505, Value Loss=0.6018
[EP 452] Buffer=50000, T=0.63, Loss=3.2079, Policy Loss=2.3086, Value Loss=0.5659
[EP 453] Buffer=50000, T=0.63, Loss=3.1998, Policy Loss=2.2808, Value Loss=0.5857
[EP 454] Buffer=50000, T=0.63, Loss=3.1889, Policy Loss=2.3014, Value Loss=0.5544
[EP 455] Buffer=50000, T=0.63, Loss=3.1815, Policy Loss=2.2954, Value Loss=0.5532
[EP 456] Buffer=50000, T=0.62, Loss=3.1535, Policy Loss=2.2778, Value Loss=0.5429
[EP 457] Buffer=50000, T=0.62, Loss=3.1366, Policy Loss=2.2851, Value Loss=0.5190
[EP 458] Buffer=50000, T=0.62, Loss=3.1194, Policy Loss=2.2626, Value Loss=0.5245
[EP 459] Buffer=50000, T=0.62, Loss=3.1309, Policy Loss=2.2872, Value Loss=0.5115
[EP 460] Buffer=50000, T=0.62, Loss=3.1266, Policy Loss=2.2747, Value Loss=0.5199
[EP 461] Buffer=50000, T=0.62, Loss=3.1252, Policy Loss=2.2857, Value Loss=0.5078
[EP 462] Buffer=50000, T=0.62, Loss=3.1054, Policy Loss=2.2624, Value Loss=0.5114
[EP 463] Buffer=50000, T=0.62, Loss=3.1131, Policy Loss=2.2714, Value Loss=0.5102
[EP 464] Buffer=50000, T=0.62, Loss=3.1041, Policy Loss=2.2644, Value Loss=0.5084
[EP 465] Buffer=50000, T=0.62, Loss=3.0684, Policy Loss=2.2554, Value Loss=0.4818
[EP 466] Buffer=50000, T=0.62, Loss=3.0915, Policy Loss=2.2795, Value Loss=0.4810
[EP 467] Buffer=50000, T=0.62, Loss=3.0596, Policy Loss=2.2524, Value Loss=0.4764
[EP 468] Buffer=50000, T=0.61, Loss=3.0610, Policy Loss=2.2667, Value Loss=0.4636
[EP 469] Buffer=50000, T=0.61, Loss=3.0650, Policy Loss=2.2520, Value Loss=0.4826
[EP 470] Buffer=50000, T=0.61, Loss=3.0580, Policy Loss=2.2448, Value Loss=0.4829
[EP 471] Buffer=50000, T=0.61, Loss=3.0483, Policy Loss=2.2523, Value Loss=0.4658
[EP 472] Buffer=50000, T=0.61, Loss=3.0514, Policy Loss=2.2488, Value Loss=0.4726
[EP 473] Buffer=50000, T=0.61, Loss=3.0471, Policy Loss=2.2427, Value Loss=0.4745
[EP 474] Buffer=50000, T=0.61, Loss=3.0384, Policy Loss=2.2455, Value Loss=0.4632
[EP 475] Buffer=50000, T=0.61, Loss=3.0018, Policy Loss=2.2230, Value Loss=0.4493
[EP 476] Buffer=50000, T=0.61, Loss=3.0160, Policy Loss=2.2431, Value Loss=0.4435
[EP 477] Buffer=50000, T=0.61, Loss=3.0532, Policy Loss=2.2474, Value Loss=0.4766
[EP 478] Buffer=50000, T=0.61, Loss=3.0134, Policy Loss=2.2398, Value Loss=0.4446
[EP 479] Buffer=50000, T=0.61, Loss=3.0254, Policy Loss=2.2404, Value Loss=0.4560
[EP 480] Buffer=50000, T=0.60, Loss=3.0260, Policy Loss=2.2310, Value Loss=0.4662
[EP 481] Buffer=50000, T=0.60, Loss=3.0392, Policy Loss=2.2319, Value Loss=0.4787
[EP 482] Buffer=50000, T=0.60, Loss=2.9999, Policy Loss=2.2168, Value Loss=0.4547
[EP 483] Buffer=50000, T=0.60, Loss=2.9971, Policy Loss=2.2235, Value Loss=0.4452
[EP 484] Buffer=50000, T=0.60, Loss=3.0071, Policy Loss=2.2224, Value Loss=0.4565
[EP 485] Buffer=50000, T=0.60, Loss=3.0070, Policy Loss=2.2196, Value Loss=0.4593
[EP 486] Buffer=50000, T=0.60, Loss=3.0053, Policy Loss=2.2206, Value Loss=0.4568
[EP 487] Buffer=50000, T=0.60, Loss=2.9861, Policy Loss=2.2122, Value Loss=0.4462
[EP 488] Buffer=50000, T=0.60, Loss=2.9902, Policy Loss=2.2188, Value Loss=0.4438
[EP 489] Buffer=50000, T=0.60, Loss=3.0097, Policy Loss=2.2275, Value Loss=0.4547
[EP 490] Buffer=50000, T=0.60, Loss=3.0086, Policy Loss=2.2146, Value Loss=0.4666
[EP 491] Buffer=50000, T=0.60, Loss=2.9931, Policy Loss=2.2034, Value Loss=0.4625
[EP 492] Buffer=50000, T=0.59, Loss=2.9990, Policy Loss=2.2082, Value Loss=0.4637
[EP 493] Buffer=50000, T=0.59, Loss=2.9849, Policy Loss=2.2089, Value Loss=0.4491
[EP 494] Buffer=50000, T=0.59, Loss=2.9690, Policy Loss=2.1993, Value Loss=0.4429
[EP 495] Buffer=50000, T=0.59, Loss=2.9658, Policy Loss=2.1925, Value Loss=0.4466
[EP 496] Buffer=50000, T=0.59, Loss=2.9574, Policy Loss=2.1942, Value Loss=0.4366
[EP 497] Buffer=50000, T=0.59, Loss=2.9710, Policy Loss=2.1997, Value Loss=0.4449
[EP 498] Buffer=50000, T=0.59, Loss=2.9498, Policy Loss=2.1991, Value Loss=0.4245
[EP 499] Buffer=50000, T=0.59, Loss=2.9795, Policy Loss=2.2149, Value Loss=0.4384
[EP 500] Buffer=50000, T=0.59, Loss=2.9717, Policy Loss=2.1975, Value Loss=0.4482
[EP 501] Buffer=50000, T=0.59, Loss=2.9460, Policy Loss=2.1904, Value Loss=0.4296
[EP 502] Buffer=50000, T=0.59, Loss=2.9609, Policy Loss=2.1910, Value Loss=0.4440
[EP 503] Buffer=50000, T=0.59, Loss=2.9495, Policy Loss=2.1962, Value Loss=0.4276
[EP 504] Buffer=50000, T=0.59, Loss=2.9345, Policy Loss=2.1756, Value Loss=0.4334
[EP 505] Buffer=50000, T=0.58, Loss=2.9367, Policy Loss=2.1951, Value Loss=0.4163
[EP 506] Buffer=50000, T=0.58, Loss=2.9313, Policy Loss=2.1786, Value Loss=0.4274
[EP 507] Buffer=50000, T=0.58, Loss=2.9372, Policy Loss=2.1647, Value Loss=0.4474
[EP 508] Buffer=50000, T=0.58, Loss=2.9311, Policy Loss=2.1712, Value Loss=0.4348
[EP 509] Buffer=50000, T=0.58, Loss=2.9362, Policy Loss=2.1925, Value Loss=0.4189
[EP 510] Buffer=50000, T=0.58, Loss=2.9310, Policy Loss=2.1788, Value Loss=0.4274
[EP 511] Buffer=50000, T=0.58, Loss=2.9273, Policy Loss=2.1680, Value Loss=0.4347
[EP 512] Buffer=50000, T=0.58, Loss=2.9097, Policy Loss=2.1618, Value Loss=0.4233
[EP 513] Buffer=50000, T=0.58, Loss=2.9129, Policy Loss=2.1741, Value Loss=0.4144
[EP 514] Buffer=50000, T=0.58, Loss=2.8928, Policy Loss=2.1594, Value Loss=0.4092
[EP 515] Buffer=50000, T=0.58, Loss=2.9086, Policy Loss=2.1563, Value Loss=0.4282
[EP 516] Buffer=50000, T=0.58, Loss=2.8827, Policy Loss=2.1364, Value Loss=0.4224
[EP 517] Buffer=50000, T=0.57, Loss=2.9331, Policy Loss=2.1694, Value Loss=0.4399
[EP 518] Buffer=50000, T=0.57, Loss=2.9086, Policy Loss=2.1672, Value Loss=0.4176
[EP 519] Buffer=50000, T=0.57, Loss=2.8927, Policy Loss=2.1502, Value Loss=0.4189
[EP 520] Buffer=50000, T=0.57, Loss=2.9016, Policy Loss=2.1555, Value Loss=0.4226
[EP 521] Buffer=50000, T=0.57, Loss=2.8925, Policy Loss=2.1390, Value Loss=0.4301
[EP 522] Buffer=50000, T=0.57, Loss=2.8796, Policy Loss=2.1274, Value Loss=0.4289
[EP 523] Buffer=50000, T=0.57, Loss=2.8647, Policy Loss=2.1443, Value Loss=0.3972
[EP 524] Buffer=50000, T=0.57, Loss=2.9069, Policy Loss=2.1601, Value Loss=0.4237
[EP 525] Buffer=50000, T=0.57, Loss=2.8721, Policy Loss=2.1408, Value Loss=0.4084
[EP 526] Buffer=50000, T=0.57, Loss=2.8881, Policy Loss=2.1597, Value Loss=0.4056
[EP 527] Buffer=50000, T=0.57, Loss=2.8936, Policy Loss=2.1384, Value Loss=0.4325
[EP 528] Buffer=50000, T=0.57, Loss=2.8742, Policy Loss=2.1332, Value Loss=0.4185
[EP 529] Buffer=50000, T=0.56, Loss=2.8616, Policy Loss=2.1283, Value Loss=0.4109
[EP 530] Buffer=50000, T=0.56, Loss=2.8659, Policy Loss=2.1325, Value Loss=0.4110
[EP 531] Buffer=50000, T=0.56, Loss=2.8658, Policy Loss=2.1213, Value Loss=0.4223
[EP 532] Buffer=50000, T=0.56, Loss=2.8505, Policy Loss=2.1211, Value Loss=0.4073
[EP 533] Buffer=50000, T=0.56, Loss=2.8442, Policy Loss=2.1278, Value Loss=0.3944
[EP 534] Buffer=50000, T=0.56, Loss=2.8553, Policy Loss=2.1212, Value Loss=0.4123
[EP 535] Buffer=50000, T=0.56, Loss=2.8447, Policy Loss=2.1173, Value Loss=0.4056
[EP 536] Buffer=50000, T=0.56, Loss=2.8517, Policy Loss=2.1403, Value Loss=0.3897
[EP 537] Buffer=50000, T=0.56, Loss=2.8521, Policy Loss=2.1274, Value Loss=0.4032
[EP 538] Buffer=50000, T=0.56, Loss=2.8281, Policy Loss=2.1158, Value Loss=0.3909
[EP 539] Buffer=50000, T=0.56, Loss=2.8557, Policy Loss=2.1321, Value Loss=0.4024
[EP 540] Buffer=50000, T=0.56, Loss=2.8283, Policy Loss=2.1145, Value Loss=0.3927
[EP 541] Buffer=50000, T=0.55, Loss=2.8197, Policy Loss=2.1222, Value Loss=0.3765
[EP 542] Buffer=50000, T=0.55, Loss=2.8385, Policy Loss=2.1337, Value Loss=0.3839
[EP 543] Buffer=50000, T=0.55, Loss=2.8457, Policy Loss=2.1541, Value Loss=0.3708
[EP 544] Buffer=50000, T=0.55, Loss=2.8316, Policy Loss=2.1391, Value Loss=0.3717
[EP 545] Buffer=50000, T=0.55, Loss=2.8202, Policy Loss=2.1355, Value Loss=0.3641
[EP 546] Buffer=50000, T=0.55, Loss=2.7839, Policy Loss=2.1003, Value Loss=0.3631
[EP 547] Buffer=50000, T=0.55, Loss=2.8195, Policy Loss=2.1313, Value Loss=0.3678
[EP 548] Buffer=50000, T=0.55, Loss=2.8386, Policy Loss=2.1620, Value Loss=0.3564
[EP 549] Buffer=50000, T=0.55, Loss=2.8147, Policy Loss=2.1355, Value Loss=0.3591
[EP 550] Buffer=50000, T=0.55, Loss=2.8217, Policy Loss=2.1408, Value Loss=0.3609
[EP 551] Buffer=50000, T=0.55, Loss=2.8314, Policy Loss=2.1311, Value Loss=0.3804
[EP 552] Buffer=50000, T=0.55, Loss=2.8170, Policy Loss=2.1364, Value Loss=0.3608
[EP 553] Buffer=50000, T=0.54, Loss=2.8118, Policy Loss=2.1428, Value Loss=0.3492
[EP 554] Buffer=50000, T=0.54, Loss=2.8113, Policy Loss=2.1340, Value Loss=0.3576
[EP 555] Buffer=50000, T=0.54, Loss=2.8227, Policy Loss=2.1334, Value Loss=0.3698
[EP 556] Buffer=50000, T=0.54, Loss=2.8239, Policy Loss=2.1257, Value Loss=0.3789
[EP 557] Buffer=50000, T=0.54, Loss=2.8397, Policy Loss=2.1666, Value Loss=0.3538
[EP 558] Buffer=50000, T=0.54, Loss=2.8237, Policy Loss=2.1525, Value Loss=0.3521
[EP 559] Buffer=50000, T=0.54, Loss=2.8026, Policy Loss=2.1365, Value Loss=0.3470
[EP 560] Buffer=50000, T=0.54, Loss=2.7953, Policy Loss=2.1266, Value Loss=0.3497
[EP 561] Buffer=50000, T=0.54, Loss=2.7879, Policy Loss=2.1246, Value Loss=0.3444
[EP 562] Buffer=50000, T=0.54, Loss=2.8030, Policy Loss=2.1510, Value Loss=0.3332
[EP 563] Buffer=50000, T=0.54, Loss=2.7968, Policy Loss=2.1450, Value Loss=0.3331
[EP 564] Buffer=50000, T=0.54, Loss=2.8006, Policy Loss=2.1418, Value Loss=0.3403
[EP 565] Buffer=50000, T=0.53, Loss=2.7845, Policy Loss=2.1322, Value Loss=0.3339
[EP 566] Buffer=50000, T=0.53, Loss=2.7972, Policy Loss=2.1586, Value Loss=0.3203
[EP 567] Buffer=50000, T=0.53, Loss=2.8016, Policy Loss=2.1574, Value Loss=0.3259
[EP 568] Buffer=50000, T=0.53, Loss=2.8100, Policy Loss=2.1494, Value Loss=0.3424
[EP 569] Buffer=50000, T=0.53, Loss=2.8000, Policy Loss=2.1436, Value Loss=0.3383
[EP 570] Buffer=50000, T=0.53, Loss=2.8178, Policy Loss=2.1563, Value Loss=0.3435
[EP 571] Buffer=50000, T=0.53, Loss=2.7910, Policy Loss=2.1619, Value Loss=0.3113
[EP 572] Buffer=50000, T=0.53, Loss=2.7623, Policy Loss=2.1360, Value Loss=0.3086
[EP 573] Buffer=50000, T=0.53, Loss=2.7749, Policy Loss=2.1436, Value Loss=0.3136
[EP 574] Buffer=50000, T=0.53, Loss=2.8178, Policy Loss=2.1718, Value Loss=0.3284
[EP 575] Buffer=50000, T=0.53, Loss=2.7712, Policy Loss=2.1525, Value Loss=0.3013
[EP 576] Buffer=50000, T=0.53, Loss=2.7935, Policy Loss=2.1793, Value Loss=0.2969
[EP 577] Buffer=50000, T=0.52, Loss=2.7805, Policy Loss=2.1519, Value Loss=0.3114
[EP 578] Buffer=50000, T=0.52, Loss=2.7646, Policy Loss=2.1371, Value Loss=0.3103
[EP 579] Buffer=50000, T=0.52, Loss=2.7239, Policy Loss=2.1105, Value Loss=0.2964
[EP 580] Buffer=50000, T=0.52, Loss=2.7735, Policy Loss=2.1385, Value Loss=0.3181
[EP 581] Buffer=50000, T=0.52, Loss=2.7899, Policy Loss=2.1415, Value Loss=0.3317
[EP 582] Buffer=50000, T=0.52, Loss=2.7460, Policy Loss=2.1221, Value Loss=0.3072
[EP 583] Buffer=50000, T=0.52, Loss=2.7587, Policy Loss=2.1143, Value Loss=0.3278
[EP 584] Buffer=50000, T=0.52, Loss=2.7162, Policy Loss=2.0973, Value Loss=0.3024
[EP 585] Buffer=50000, T=0.52, Loss=2.7336, Policy Loss=2.1057, Value Loss=0.3115
[EP 586] Buffer=50000, T=0.52, Loss=2.7219, Policy Loss=2.1046, Value Loss=0.3010
[EP 587] Buffer=50000, T=0.52, Loss=2.6941, Policy Loss=2.0638, Value Loss=0.3142
[EP 588] Buffer=50000, T=0.52, Loss=2.6893, Policy Loss=2.0549, Value Loss=0.3184
[EP 589] Buffer=50000, T=0.51, Loss=2.7281, Policy Loss=2.0928, Value Loss=0.3193
[EP 590] Buffer=50000, T=0.51, Loss=2.7280, Policy Loss=2.1014, Value Loss=0.3107
[EP 591] Buffer=50000, T=0.51, Loss=2.7014, Policy Loss=2.0664, Value Loss=0.3193
[EP 592] Buffer=50000, T=0.51, Loss=2.7285, Policy Loss=2.0656, Value Loss=0.3472
[EP 593] Buffer=50000, T=0.51, Loss=2.6875, Policy Loss=2.0430, Value Loss=0.3289
[EP 594] Buffer=50000, T=0.51, Loss=2.6702, Policy Loss=2.0525, Value Loss=0.3022
[EP 595] Buffer=50000, T=0.51, Loss=2.6916, Policy Loss=2.0511, Value Loss=0.3252
[EP 596] Buffer=50000, T=0.51, Loss=2.6633, Policy Loss=2.0124, Value Loss=0.3357
[EP 597] Buffer=50000, T=0.51, Loss=2.6797, Policy Loss=2.0358, Value Loss=0.3288
[EP 598] Buffer=50000, T=0.51, Loss=2.6515, Policy Loss=2.0014, Value Loss=0.3350
[EP 599] Buffer=50000, T=0.51, Loss=2.6699, Policy Loss=2.0136, Value Loss=0.3413
[EP 600] Buffer=50000, T=0.51, Loss=2.6790, Policy Loss=2.0187, Value Loss=0.3454
[EP 601] Buffer=50000, T=0.70, Loss=2.7161, Policy Loss=2.0519, Value Loss=0.3493
[EP 602] Buffer=50000, T=0.70, Loss=2.6543, Policy Loss=2.0146, Value Loss=0.3249
[EP 603] Buffer=50000, T=0.70, Loss=2.6401, Policy Loss=1.9888, Value Loss=0.3366
[EP 604] Buffer=50000, T=0.70, Loss=2.6213, Policy Loss=1.9793, Value Loss=0.3274
[EP 605] Buffer=50000, T=0.70, Loss=2.6474, Policy Loss=1.9813, Value Loss=0.3516
[EP 606] Buffer=50000, T=0.70, Loss=2.6045, Policy Loss=1.9734, Value Loss=0.3167
[EP 607] Buffer=50000, T=0.70, Loss=2.6270, Policy Loss=1.9715, Value Loss=0.3412
[EP 608] Buffer=50000, T=0.70, Loss=2.5904, Policy Loss=1.9604, Value Loss=0.3158
[EP 609] Buffer=50000, T=0.70, Loss=2.6344, Policy Loss=1.9745, Value Loss=0.3459
[EP 610] Buffer=50000, T=0.70, Loss=2.6190, Policy Loss=1.9713, Value Loss=0.3337
[EP 611] Buffer=50000, T=0.70, Loss=2.6027, Policy Loss=1.9581, Value Loss=0.3306
[EP 612] Buffer=50000, T=0.70, Loss=2.6098, Policy Loss=1.9666, Value Loss=0.3293
[EP 613] Buffer=50000, T=0.70, Loss=2.5928, Policy Loss=1.9212, Value Loss=0.3578
[EP 614] Buffer=50000, T=0.70, Loss=2.5996, Policy Loss=1.9380, Value Loss=0.3479
[EP 615] Buffer=50000, T=0.70, Loss=2.5772, Policy Loss=1.9322, Value Loss=0.3314
[EP 616] Buffer=50000, T=0.70, Loss=2.5755, Policy Loss=1.9181, Value Loss=0.3439
[EP 617] Buffer=50000, T=0.70, Loss=2.5593, Policy Loss=1.9246, Value Loss=0.3214
[EP 618] Buffer=50000, T=0.69, Loss=2.5794, Policy Loss=1.9267, Value Loss=0.3393
[EP 619] Buffer=50000, T=0.69, Loss=2.5696, Policy Loss=1.9358, Value Loss=0.3206
[EP 620] Buffer=50000, T=0.69, Loss=2.6031, Policy Loss=1.9592, Value Loss=0.3307
[EP 621] Buffer=50000, T=0.69, Loss=2.6061, Policy Loss=1.9509, Value Loss=0.3422
[EP 622] Buffer=50000, T=0.69, Loss=2.5662, Policy Loss=1.9147, Value Loss=0.3385
[EP 623] Buffer=50000, T=0.69, Loss=2.5559, Policy Loss=1.8960, Value Loss=0.3470
[EP 624] Buffer=50000, T=0.69, Loss=2.5632, Policy Loss=1.9118, Value Loss=0.3386
[EP 625] Buffer=50000, T=0.69, Loss=2.5606, Policy Loss=1.8981, Value Loss=0.3498
[EP 626] Buffer=50000, T=0.69, Loss=2.5566, Policy Loss=1.9023, Value Loss=0.3416
[EP 627] Buffer=50000, T=0.69, Loss=2.5564, Policy Loss=1.8876, Value Loss=0.3562
[EP 628] Buffer=50000, T=0.69, Loss=2.5480, Policy Loss=1.9240, Value Loss=0.3116
[EP 629] Buffer=50000, T=0.69, Loss=2.5202, Policy Loss=1.8860, Value Loss=0.3217
[EP 630] Buffer=50000, T=0.69, Loss=2.5106, Policy Loss=1.8683, Value Loss=0.3300
[EP 631] Buffer=50000, T=0.69, Loss=2.4968, Policy Loss=1.8747, Value Loss=0.3098
[EP 632] Buffer=50000, T=0.69, Loss=2.5021, Policy Loss=1.8747, Value Loss=0.3153
[EP 633] Buffer=50000, T=0.69, Loss=2.4850, Policy Loss=1.8679, Value Loss=0.3050
[EP 634] Buffer=50000, T=0.69, Loss=2.4916, Policy Loss=1.8754, Value Loss=0.3042
[EP 635] Buffer=50000, T=0.69, Loss=2.4522, Policy Loss=1.8267, Value Loss=0.3137
[EP 636] Buffer=50000, T=0.69, Loss=2.4836, Policy Loss=1.8526, Value Loss=0.3192
[EP 637] Buffer=50000, T=0.69, Loss=2.4748, Policy Loss=1.8469, Value Loss=0.3162
[EP 638] Buffer=50000, T=0.68, Loss=2.4732, Policy Loss=1.8653, Value Loss=0.2962
[EP 639] Buffer=50000, T=0.68, Loss=2.4284, Policy Loss=1.8205, Value Loss=0.2963
[EP 640] Buffer=50000, T=0.68, Loss=2.4950, Policy Loss=1.8527, Value Loss=0.3307
[EP 641] Buffer=50000, T=0.68, Loss=2.4484, Policy Loss=1.8462, Value Loss=0.2908
[EP 642] Buffer=50000, T=0.68, Loss=2.4479, Policy Loss=1.8358, Value Loss=0.3008
[EP 643] Buffer=50000, T=0.68, Loss=2.4154, Policy Loss=1.8067, Value Loss=0.2975
[EP 644] Buffer=50000, T=0.68, Loss=2.4152, Policy Loss=1.8105, Value Loss=0.2936
[EP 645] Buffer=50000, T=0.68, Loss=2.4562, Policy Loss=1.8430, Value Loss=0.3021
[EP 646] Buffer=50000, T=0.68, Loss=2.4140, Policy Loss=1.8002, Value Loss=0.3028
[EP 647] Buffer=50000, T=0.68, Loss=2.4364, Policy Loss=1.8447, Value Loss=0.2808
[EP 648] Buffer=50000, T=0.68, Loss=2.4252, Policy Loss=1.8159, Value Loss=0.2985
[EP 649] Buffer=50000, T=0.68, Loss=2.4146, Policy Loss=1.7994, Value Loss=0.3044
[EP 650] Buffer=50000, T=0.68, Loss=2.3889, Policy Loss=1.7841, Value Loss=0.2941
[EP 651] Buffer=50000, T=0.68, Loss=2.4222, Policy Loss=1.8208, Value Loss=0.2908
[EP 652] Buffer=50000, T=0.68, Loss=2.3821, Policy Loss=1.7964, Value Loss=0.2752
[EP 653] Buffer=50000, T=0.68, Loss=2.3806, Policy Loss=1.8072, Value Loss=0.2629
[EP 654] Buffer=50000, T=0.68, Loss=2.3847, Policy Loss=1.7885, Value Loss=0.2858
[EP 655] Buffer=50000, T=0.68, Loss=2.3872, Policy Loss=1.7966, Value Loss=0.2804
[EP 656] Buffer=50000, T=0.68, Loss=2.4055, Policy Loss=1.8163, Value Loss=0.2790
[EP 657] Buffer=50000, T=0.68, Loss=2.3589, Policy Loss=1.7547, Value Loss=0.2941
[EP 658] Buffer=50000, T=0.67, Loss=2.3678, Policy Loss=1.7807, Value Loss=0.2771
[EP 659] Buffer=50000, T=0.67, Loss=2.3597, Policy Loss=1.7679, Value Loss=0.2819
[EP 660] Buffer=50000, T=0.67, Loss=2.3703, Policy Loss=1.7868, Value Loss=0.2737
[EP 661] Buffer=50000, T=0.67, Loss=2.3583, Policy Loss=1.7757, Value Loss=0.2729
[EP 662] Buffer=50000, T=0.67, Loss=2.3692, Policy Loss=1.7861, Value Loss=0.2735
[EP 663] Buffer=50000, T=0.67, Loss=2.3270, Policy Loss=1.7522, Value Loss=0.2652
[EP 664] Buffer=50000, T=0.67, Loss=2.3282, Policy Loss=1.7478, Value Loss=0.2709
[EP 665] Buffer=50000, T=0.67, Loss=2.3497, Policy Loss=1.7602, Value Loss=0.2801
[EP 666] Buffer=50000, T=0.67, Loss=2.3106, Policy Loss=1.7519, Value Loss=0.2493
[EP 667] Buffer=50000, T=0.67, Loss=2.3179, Policy Loss=1.7433, Value Loss=0.2653
[EP 668] Buffer=50000, T=0.67, Loss=2.3572, Policy Loss=1.7753, Value Loss=0.2727
[EP 669] Buffer=50000, T=0.67, Loss=2.3124, Policy Loss=1.7410, Value Loss=0.2623
[EP 670] Buffer=50000, T=0.67, Loss=2.2875, Policy Loss=1.7247, Value Loss=0.2538
[EP 671] Buffer=50000, T=0.67, Loss=2.3083, Policy Loss=1.7387, Value Loss=0.2607
[EP 672] Buffer=50000, T=0.67, Loss=2.2740, Policy Loss=1.7072, Value Loss=0.2579
[EP 673] Buffer=50000, T=0.67, Loss=2.2756, Policy Loss=1.7189, Value Loss=0.2478
[EP 674] Buffer=50000, T=0.67, Loss=2.2785, Policy Loss=1.7067, Value Loss=0.2631
[EP 675] Buffer=50000, T=0.67, Loss=2.3026, Policy Loss=1.7173, Value Loss=0.2767
[EP 676] Buffer=50000, T=0.67, Loss=2.3115, Policy Loss=1.7339, Value Loss=0.2690
[EP 677] Buffer=50000, T=0.67, Loss=2.3122, Policy Loss=1.7107, Value Loss=0.2930
[EP 678] Buffer=50000, T=0.66, Loss=2.2853, Policy Loss=1.7091, Value Loss=0.2678
[EP 679] Buffer=50000, T=0.66, Loss=2.3047, Policy Loss=1.7237, Value Loss=0.2727
[EP 680] Buffer=50000, T=0.66, Loss=2.2489, Policy Loss=1.7005, Value Loss=0.2401
[EP 681] Buffer=50000, T=0.66, Loss=2.2576, Policy Loss=1.7064, Value Loss=0.2431
[EP 682] Buffer=50000, T=0.66, Loss=2.2622, Policy Loss=1.7103, Value Loss=0.2438
[EP 683] Buffer=50000, T=0.66, Loss=2.2924, Policy Loss=1.7102, Value Loss=0.2742
[EP 684] Buffer=50000, T=0.66, Loss=2.2456, Policy Loss=1.6953, Value Loss=0.2423
[EP 685] Buffer=50000, T=0.66, Loss=2.2518, Policy Loss=1.6851, Value Loss=0.2589
[EP 686] Buffer=50000, T=0.66, Loss=2.2716, Policy Loss=1.7046, Value Loss=0.2593
[EP 687] Buffer=50000, T=0.66, Loss=2.2438, Policy Loss=1.6610, Value Loss=0.2751
[EP 688] Buffer=50000, T=0.66, Loss=2.2129, Policy Loss=1.6619, Value Loss=0.2433
[EP 689] Buffer=50000, T=0.66, Loss=2.2185, Policy Loss=1.6795, Value Loss=0.2315
[EP 690] Buffer=50000, T=0.66, Loss=2.1888, Policy Loss=1.6416, Value Loss=0.2398
[EP 691] Buffer=50000, T=0.66, Loss=2.2084, Policy Loss=1.6622, Value Loss=0.2388
[EP 692] Buffer=50000, T=0.66, Loss=2.2038, Policy Loss=1.6361, Value Loss=0.2604
[EP 693] Buffer=50000, T=0.66, Loss=2.2135, Policy Loss=1.6593, Value Loss=0.2470
[EP 694] Buffer=50000, T=0.66, Loss=2.2163, Policy Loss=1.6645, Value Loss=0.2447
[EP 695] Buffer=50000, T=0.66, Loss=2.2053, Policy Loss=1.6403, Value Loss=0.2579
[EP 696] Buffer=50000, T=0.66, Loss=2.2070, Policy Loss=1.6513, Value Loss=0.2487
[EP 697] Buffer=50000, T=0.66, Loss=2.1928, Policy Loss=1.6262, Value Loss=0.2596
[EP 698] Buffer=50000, T=0.65, Loss=2.2004, Policy Loss=1.6209, Value Loss=0.2727
[EP 699] Buffer=50000, T=0.65, Loss=2.2261, Policy Loss=1.6320, Value Loss=0.2874
[EP 700] Buffer=50000, T=0.65, Loss=2.1842, Policy Loss=1.6218, Value Loss=0.2558
[EP 701] Buffer=50000, T=0.65, Loss=2.2354, Policy Loss=1.6484, Value Loss=0.2804
[EP 702] Buffer=50000, T=0.65, Loss=2.1964, Policy Loss=1.6196, Value Loss=0.2703
[EP 703] Buffer=50000, T=0.65, Loss=2.1780, Policy Loss=1.6128, Value Loss=0.2587
[EP 704] Buffer=50000, T=0.65, Loss=2.1757, Policy Loss=1.6115, Value Loss=0.2578
[EP 705] Buffer=50000, T=0.65, Loss=2.1595, Policy Loss=1.6035, Value Loss=0.2497
[EP 706] Buffer=50000, T=0.65, Loss=2.1443, Policy Loss=1.5889, Value Loss=0.2492
[EP 707] Buffer=50000, T=0.65, Loss=2.1491, Policy Loss=1.5973, Value Loss=0.2457
[EP 708] Buffer=50000, T=0.65, Loss=2.1470, Policy Loss=1.5787, Value Loss=0.2622
[EP 709] Buffer=50000, T=0.65, Loss=2.1676, Policy Loss=1.5904, Value Loss=0.2712
[EP 710] Buffer=50000, T=0.65, Loss=2.1514, Policy Loss=1.6009, Value Loss=0.2445
[EP 711] Buffer=50000, T=0.65, Loss=2.1146, Policy Loss=1.5522, Value Loss=0.2565
[EP 712] Buffer=50000, T=0.65, Loss=2.1050, Policy Loss=1.5609, Value Loss=0.2383
[EP 713] Buffer=50000, T=0.65, Loss=2.1669, Policy Loss=1.6278, Value Loss=0.2334
[EP 714] Buffer=50000, T=0.65, Loss=2.1218, Policy Loss=1.5858, Value Loss=0.2304
[EP 715] Buffer=50000, T=0.65, Loss=2.1253, Policy Loss=1.5785, Value Loss=0.2413
[EP 716] Buffer=50000, T=0.65, Loss=2.1011, Policy Loss=1.5660, Value Loss=0.2296
[EP 717] Buffer=50000, T=0.65, Loss=2.0921, Policy Loss=1.5524, Value Loss=0.2343
[EP 718] Buffer=50000, T=0.65, Loss=2.1150, Policy Loss=1.5556, Value Loss=0.2541
[EP 719] Buffer=50000, T=0.64, Loss=2.0982, Policy Loss=1.5701, Value Loss=0.2229
[EP 720] Buffer=50000, T=0.64, Loss=2.0750, Policy Loss=1.5212, Value Loss=0.2487
[EP 721] Buffer=50000, T=0.64, Loss=2.1035, Policy Loss=1.5412, Value Loss=0.2572
[EP 722] Buffer=50000, T=0.64, Loss=2.0822, Policy Loss=1.5264, Value Loss=0.2509
[EP 723] Buffer=50000, T=0.64, Loss=2.0863, Policy Loss=1.5170, Value Loss=0.2644
[EP 724] Buffer=50000, T=0.64, Loss=2.0649, Policy Loss=1.5149, Value Loss=0.2452
[EP 725] Buffer=50000, T=0.64, Loss=2.0343, Policy Loss=1.4934, Value Loss=0.2363
[EP 726] Buffer=50000, T=0.64, Loss=2.0737, Policy Loss=1.5216, Value Loss=0.2475
[EP 727] Buffer=50000, T=0.64, Loss=2.0574, Policy Loss=1.5039, Value Loss=0.2489
[EP 728] Buffer=50000, T=0.64, Loss=2.0670, Policy Loss=1.4936, Value Loss=0.2689
[EP 729] Buffer=50000, T=0.64, Loss=2.0517, Policy Loss=1.5219, Value Loss=0.2253
[EP 730] Buffer=50000, T=0.64, Loss=2.0656, Policy Loss=1.5140, Value Loss=0.2473
[EP 731] Buffer=50000, T=0.64, Loss=2.0442, Policy Loss=1.4916, Value Loss=0.2483
[EP 732] Buffer=50000, T=0.64, Loss=2.0467, Policy Loss=1.5026, Value Loss=0.2400
[EP 733] Buffer=50000, T=0.64, Loss=2.0444, Policy Loss=1.5058, Value Loss=0.2345
[EP 734] Buffer=50000, T=0.64, Loss=2.0212, Policy Loss=1.4917, Value Loss=0.2255
[EP 735] Buffer=50000, T=0.64, Loss=1.9882, Policy Loss=1.4616, Value Loss=0.2227
[EP 736] Buffer=50000, T=0.64, Loss=1.9934, Policy Loss=1.4702, Value Loss=0.2194
[EP 737] Buffer=50000, T=0.64, Loss=2.0016, Policy Loss=1.4616, Value Loss=0.2364
[EP 738] Buffer=50000, T=0.64, Loss=2.0170, Policy Loss=1.4554, Value Loss=0.2580
[EP 739] Buffer=50000, T=0.63, Loss=1.9982, Policy Loss=1.4559, Value Loss=0.2389
[EP 740] Buffer=50000, T=0.63, Loss=2.0079, Policy Loss=1.4689, Value Loss=0.2356
[EP 741] Buffer=50000, T=0.63, Loss=2.0638, Policy Loss=1.5026, Value Loss=0.2579
[EP 742] Buffer=50000, T=0.63, Loss=2.0109, Policy Loss=1.4552, Value Loss=0.2524
[EP 743] Buffer=50000, T=0.63, Loss=2.0408, Policy Loss=1.4793, Value Loss=0.2583
[EP 744] Buffer=50000, T=0.63, Loss=1.9948, Policy Loss=1.4421, Value Loss=0.2496
[EP 745] Buffer=50000, T=0.63, Loss=2.0654, Policy Loss=1.4940, Value Loss=0.2683
[EP 746] Buffer=50000, T=0.63, Loss=2.0129, Policy Loss=1.4537, Value Loss=0.2563
[EP 747] Buffer=50000, T=0.63, Loss=1.9942, Policy Loss=1.4491, Value Loss=0.2422
[EP 748] Buffer=50000, T=0.63, Loss=1.9894, Policy Loss=1.4605, Value Loss=0.2262
[EP 749] Buffer=50000, T=0.63, Loss=1.9755, Policy Loss=1.4511, Value Loss=0.2217
[EP 750] Buffer=50000, T=0.63, Loss=1.9801, Policy Loss=1.4372, Value Loss=0.2402
[EP 751] Buffer=50000, T=0.60, Loss=2.0400, Policy Loss=1.4787, Value Loss=0.2587
[EP 752] Buffer=50000, T=0.60, Loss=2.0167, Policy Loss=1.4556, Value Loss=0.2585
[EP 753] Buffer=50000, T=0.60, Loss=2.0353, Policy Loss=1.4788, Value Loss=0.2540
[EP 754] Buffer=50000, T=0.60, Loss=2.0379, Policy Loss=1.4897, Value Loss=0.2458
[EP 755] Buffer=50000, T=0.60, Loss=2.0295, Policy Loss=1.4610, Value Loss=0.2662
[EP 756] Buffer=50000, T=0.60, Loss=1.9992, Policy Loss=1.4337, Value Loss=0.2632
[EP 757] Buffer=50000, T=0.60, Loss=1.9966, Policy Loss=1.4398, Value Loss=0.2546
[EP 758] Buffer=50000, T=0.59, Loss=2.0392, Policy Loss=1.4630, Value Loss=0.2742
[EP 759] Buffer=50000, T=0.59, Loss=2.0206, Policy Loss=1.4743, Value Loss=0.2444
[EP 760] Buffer=50000, T=0.59, Loss=2.0269, Policy Loss=1.4874, Value Loss=0.2376
[EP 761] Buffer=50000, T=0.59, Loss=2.0178, Policy Loss=1.4649, Value Loss=0.2510
[EP 762] Buffer=50000, T=0.59, Loss=1.9768, Policy Loss=1.4305, Value Loss=0.2446
[EP 763] Buffer=50000, T=0.59, Loss=2.0411, Policy Loss=1.4685, Value Loss=0.2709
[EP 764] Buffer=50000, T=0.59, Loss=2.0299, Policy Loss=1.4694, Value Loss=0.2589
[EP 765] Buffer=50000, T=0.59, Loss=2.0295, Policy Loss=1.4709, Value Loss=0.2570
[EP 766] Buffer=50000, T=0.59, Loss=2.0060, Policy Loss=1.4508, Value Loss=0.2536
[EP 767] Buffer=50000, T=0.59, Loss=2.0498, Policy Loss=1.4947, Value Loss=0.2536
[EP 768] Buffer=50000, T=0.59, Loss=2.0228, Policy Loss=1.4606, Value Loss=0.2608
[EP 769] Buffer=50000, T=0.59, Loss=1.9831, Policy Loss=1.4281, Value Loss=0.2537
[EP 770] Buffer=50000, T=0.59, Loss=2.0220, Policy Loss=1.4583, Value Loss=0.2624
[EP 771] Buffer=50000, T=0.59, Loss=2.0475, Policy Loss=1.4744, Value Loss=0.2718
[EP 772] Buffer=50000, T=0.59, Loss=1.9908, Policy Loss=1.4233, Value Loss=0.2663
[EP 773] Buffer=50000, T=0.59, Loss=2.0171, Policy Loss=1.4415, Value Loss=0.2744
[EP 774] Buffer=50000, T=0.59, Loss=2.0134, Policy Loss=1.4355, Value Loss=0.2768
[EP 775] Buffer=50000, T=0.59, Loss=2.0298, Policy Loss=1.4641, Value Loss=0.2647
[EP 776] Buffer=50000, T=0.59, Loss=2.0640, Policy Loss=1.4934, Value Loss=0.2696
[EP 777] Buffer=50000, T=0.58, Loss=2.0260, Policy Loss=1.4644, Value Loss=0.2607
[EP 778] Buffer=50000, T=0.58, Loss=2.0693, Policy Loss=1.4713, Value Loss=0.2971
[EP 779] Buffer=50000, T=0.58, Loss=2.0217, Policy Loss=1.4507, Value Loss=0.2702
[EP 780] Buffer=50000, T=0.58, Loss=2.0521, Policy Loss=1.4666, Value Loss=0.2847
[EP 781] Buffer=50000, T=0.58, Loss=2.0395, Policy Loss=1.4739, Value Loss=0.2649
[EP 782] Buffer=50000, T=0.58, Loss=2.0220, Policy Loss=1.4577, Value Loss=0.2636
[EP 783] Buffer=50000, T=0.58, Loss=2.0244, Policy Loss=1.4491, Value Loss=0.2747
[EP 784] Buffer=50000, T=0.58, Loss=2.0365, Policy Loss=1.4602, Value Loss=0.2757
[EP 785] Buffer=50000, T=0.58, Loss=2.0750, Policy Loss=1.4830, Value Loss=0.2915
[EP 786] Buffer=50000, T=0.58, Loss=2.0287, Policy Loss=1.4626, Value Loss=0.2656
[EP 787] Buffer=50000, T=0.58, Loss=2.0748, Policy Loss=1.4915, Value Loss=0.2829
[EP 788] Buffer=50000, T=0.58, Loss=2.0663, Policy Loss=1.4733, Value Loss=0.2927
[EP 789] Buffer=50000, T=0.58, Loss=2.0904, Policy Loss=1.4844, Value Loss=0.3057
[EP 790] Buffer=50000, T=0.58, Loss=2.0473, Policy Loss=1.4556, Value Loss=0.2913
[EP 791] Buffer=50000, T=0.58, Loss=2.0664, Policy Loss=1.4664, Value Loss=0.2997
[EP 792] Buffer=50000, T=0.58, Loss=2.0567, Policy Loss=1.4729, Value Loss=0.2836
[EP 793] Buffer=50000, T=0.58, Loss=2.0730, Policy Loss=1.4695, Value Loss=0.3034
[EP 794] Buffer=50000, T=0.58, Loss=2.0704, Policy Loss=1.4783, Value Loss=0.2920
[EP 801] Buffer=50000, T=0.58, Loss=2.0571, Policy Loss=1.4629, Value Loss=0.2943
[EP 802] Buffer=50000, T=0.58, Loss=1.9892, Policy Loss=1.4118, Value Loss=0.2775
[EP 803] Buffer=50000, T=0.58, Loss=2.0223, Policy Loss=1.4367, Value Loss=0.2858
[EP 804] Buffer=50000, T=0.58, Loss=2.0977, Policy Loss=1.4790, Value Loss=0.3189
[EP 805] Buffer=50000, T=0.57, Loss=2.0248, Policy Loss=1.4531, Value Loss=0.2719
[EP 806] Buffer=50000, T=0.57, Loss=2.0521, Policy Loss=1.4499, Value Loss=0.3025
[EP 807] Buffer=50000, T=0.57, Loss=2.0394, Policy Loss=1.4524, Value Loss=0.2874
[EP 808] Buffer=50000, T=0.57, Loss=2.1035, Policy Loss=1.5051, Value Loss=0.2987
[EP 809] Buffer=50000, T=0.57, Loss=2.0767, Policy Loss=1.4774, Value Loss=0.2997
[EP 810] Buffer=50000, T=0.57, Loss=2.0667, Policy Loss=1.4856, Value Loss=0.2816
[EP 811] Buffer=50000, T=0.57, Loss=2.0950, Policy Loss=1.4974, Value Loss=0.2981
[EP 812] Buffer=50000, T=0.56, Loss=2.1039, Policy Loss=1.4878, Value Loss=0.3166
[EP 813] Buffer=50000, T=0.56, Loss=2.0682, Policy Loss=1.4873, Value Loss=0.2815
[EP 814] Buffer=50000, T=0.56, Loss=2.0781, Policy Loss=1.4920, Value Loss=0.2866
[EP 815] Buffer=50000, T=0.56, Loss=2.0707, Policy Loss=1.4708, Value Loss=0.3005
[EP 816] Buffer=50000, T=0.56, Loss=2.1210, Policy Loss=1.5121, Value Loss=0.3095
[EP 817] Buffer=50000, T=0.56, Loss=2.1115, Policy Loss=1.4932, Value Loss=0.3190
[EP 818] Buffer=50000, T=0.56, Loss=2.1435, Policy Loss=1.5327, Value Loss=0.3115
[EP 819] Buffer=50000, T=0.55, Loss=2.0952, Policy Loss=1.4777, Value Loss=0.3182
[EP 820] Buffer=50000, T=0.55, Loss=2.0752, Policy Loss=1.4738, Value Loss=0.3021
[EP 821] Buffer=50000, T=0.55, Loss=2.0899, Policy Loss=1.4885, Value Loss=0.3022
[EP 822] Buffer=50000, T=0.55, Loss=2.0907, Policy Loss=1.4822, Value Loss=0.3094
[EP 823] Buffer=50000, T=0.55, Loss=2.0678, Policy Loss=1.4610, Value Loss=0.3077
[EP 824] Buffer=50000, T=0.55, Loss=2.0837, Policy Loss=1.4777, Value Loss=0.3069
[EP 825] Buffer=50000, T=0.55, Loss=2.0686, Policy Loss=1.4780, Value Loss=0.2915
[EP 826] Buffer=50000, T=0.54, Loss=2.0602, Policy Loss=1.4694, Value Loss=0.2917
[EP 827] Buffer=50000, T=0.54, Loss=2.0694, Policy Loss=1.4553, Value Loss=0.3151
[EP 828] Buffer=50000, T=0.54, Loss=2.1148, Policy Loss=1.5192, Value Loss=0.2965
[EP 829] Buffer=50000, T=0.54, Loss=2.0775, Policy Loss=1.4821, Value Loss=0.2964
[EP 830] Buffer=50000, T=0.54, Loss=2.0852, Policy Loss=1.5011, Value Loss=0.2852
[EP 831] Buffer=50000, T=0.54, Loss=2.0963, Policy Loss=1.4906, Value Loss=0.3068
[EP 832] Buffer=50000, T=0.54, Loss=2.0681, Policy Loss=1.4791, Value Loss=0.2901
[EP 833] Buffer=50000, T=0.53, Loss=2.0319, Policy Loss=1.4512, Value Loss=0.2818
[EP 834] Buffer=50000, T=0.53, Loss=2.0584, Policy Loss=1.4549, Value Loss=0.3046
[EP 835] Buffer=50000, T=0.53, Loss=2.0567, Policy Loss=1.4683, Value Loss=0.2896
[EP 836] Buffer=50000, T=0.53, Loss=2.0652, Policy Loss=1.4641, Value Loss=0.3023
[EP 837] Buffer=50000, T=0.53, Loss=2.0860, Policy Loss=1.4942, Value Loss=0.2930
[EP 838] Buffer=50000, T=0.53, Loss=2.0173, Policy Loss=1.4406, Value Loss=0.2780
[EP 839] Buffer=50000, T=0.53, Loss=2.0058, Policy Loss=1.4185, Value Loss=0.2886
[EP 840] Buffer=50000, T=0.52, Loss=2.0139, Policy Loss=1.4331, Value Loss=0.2822
[EP 841] Buffer=50000, T=0.52, Loss=2.0273, Policy Loss=1.4346, Value Loss=0.2940
[EP 842] Buffer=50000, T=0.52, Loss=1.9988, Policy Loss=1.4211, Value Loss=0.2790
[EP 843] Buffer=50000, T=0.52, Loss=1.9839, Policy Loss=1.3983, Value Loss=0.2870
[EP 844] Buffer=50000, T=0.52, Loss=1.9770, Policy Loss=1.4164, Value Loss=0.2620
[EP 845] Buffer=50000, T=0.52, Loss=1.9867, Policy Loss=1.3999, Value Loss=0.2882
[EP 846] Buffer=50000, T=0.52, Loss=2.0050, Policy Loss=1.4002, Value Loss=0.3062
[EP 847] Buffer=50000, T=0.51, Loss=2.0021, Policy Loss=1.4308, Value Loss=0.2727
[EP 848] Buffer=50000, T=0.51, Loss=1.9638, Policy Loss=1.3826, Value Loss=0.2826
[EP 849] Buffer=50000, T=0.51, Loss=1.9304, Policy Loss=1.3507, Value Loss=0.2812
[EP 850] Buffer=50000, T=0.51, Loss=1.9555, Policy Loss=1.3765, Value Loss=0.2806
[EP 851] Buffer=50000, T=0.51, Loss=1.9529, Policy Loss=1.3687, Value Loss=0.2858
[EP 852] Buffer=50000, T=0.51, Loss=1.9359, Policy Loss=1.3379, Value Loss=0.2996
[EP 853] Buffer=50000, T=0.51, Loss=1.9481, Policy Loss=1.3552, Value Loss=0.2945
[EP 854] Buffer=50000, T=0.50, Loss=1.9162, Policy Loss=1.3209, Value Loss=0.2969
[EP 855] Buffer=50000, T=0.50, Loss=1.9309, Policy Loss=1.3510, Value Loss=0.2815
[EP 856] Buffer=50000, T=0.50, Loss=1.9253, Policy Loss=1.3423, Value Loss=0.2847
[EP 857] Buffer=50000, T=0.50, Loss=1.9101, Policy Loss=1.3347, Value Loss=0.2771
[EP 858] Buffer=50000, T=0.50, Loss=1.8984, Policy Loss=1.3246, Value Loss=0.2755
[EP 859] Buffer=50000, T=0.50, Loss=1.9090, Policy Loss=1.3375, Value Loss=0.2733
[EP 860] Buffer=50000, T=0.50, Loss=1.8709, Policy Loss=1.3148, Value Loss=0.2579
[EP 861] Buffer=50000, T=0.49, Loss=1.9045, Policy Loss=1.3255, Value Loss=0.2808
[EP 862] Buffer=50000, T=0.49, Loss=1.8604, Policy Loss=1.3025, Value Loss=0.2598
[EP 863] Buffer=50000, T=0.49, Loss=1.8172, Policy Loss=1.2472, Value Loss=0.2719
[EP 864] Buffer=50000, T=0.49, Loss=1.8856, Policy Loss=1.3101, Value Loss=0.2774
[EP 865] Buffer=50000, T=0.49, Loss=1.8444, Policy Loss=1.2821, Value Loss=0.2642
[EP 866] Buffer=50000, T=0.49, Loss=1.8614, Policy Loss=1.2756, Value Loss=0.2877
[EP 867] Buffer=50000, T=0.49, Loss=1.7885, Policy Loss=1.2119, Value Loss=0.2786
[EP 868] Buffer=50000, T=0.48, Loss=1.8058, Policy Loss=1.2465, Value Loss=0.2613
[EP 869] Buffer=50000, T=0.48, Loss=1.8162, Policy Loss=1.2445, Value Loss=0.2737
[EP 870] Buffer=50000, T=0.48, Loss=1.7886, Policy Loss=1.2183, Value Loss=0.2723
[EP 871] Buffer=50000, T=0.48, Loss=1.8266, Policy Loss=1.2580, Value Loss=0.2707
[EP 872] Buffer=50000, T=0.48, Loss=1.8140, Policy Loss=1.2463, Value Loss=0.2699
[EP 873] Buffer=50000, T=0.48, Loss=1.7597, Policy Loss=1.2190, Value Loss=0.2428
[EP 874] Buffer=50000, T=0.48, Loss=1.7719, Policy Loss=1.2224, Value Loss=0.2517
[EP 875] Buffer=50000, T=0.47, Loss=1.7643, Policy Loss=1.2241, Value Loss=0.2424
[EP 876] Buffer=50000, T=0.47, Loss=1.7345, Policy Loss=1.1767, Value Loss=0.2600
[EP 877] Buffer=50000, T=0.47, Loss=1.7694, Policy Loss=1.1993, Value Loss=0.2723
[EP 878] Buffer=50000, T=0.47, Loss=1.7458, Policy Loss=1.1873, Value Loss=0.2608
[EP 879] Buffer=50000, T=0.47, Loss=1.7259, Policy Loss=1.1543, Value Loss=0.2740
[EP 880] Buffer=50000, T=0.47, Loss=1.7204, Policy Loss=1.1675, Value Loss=0.2552
[EP 881] Buffer=50000, T=0.47, Loss=1.7033, Policy Loss=1.1498, Value Loss=0.2558
[EP 882] Buffer=50000, T=0.46, Loss=1.7049, Policy Loss=1.1448, Value Loss=0.2625
[EP 883] Buffer=50000, T=0.46, Loss=1.7066, Policy Loss=1.1410, Value Loss=0.2680
[EP 884] Buffer=50000, T=0.46, Loss=1.7074, Policy Loss=1.1488, Value Loss=0.2610
[EP 885] Buffer=50000, T=0.46, Loss=1.6599, Policy Loss=1.1327, Value Loss=0.2296
[EP 886] Buffer=50000, T=0.46, Loss=1.6971, Policy Loss=1.1336, Value Loss=0.2661
[EP 887] Buffer=50000, T=0.46, Loss=1.6342, Policy Loss=1.0984, Value Loss=0.2384
[EP 888] Buffer=50000, T=0.46, Loss=1.6958, Policy Loss=1.1283, Value Loss=0.2700
[EP 889] Buffer=50000, T=0.45, Loss=1.6281, Policy Loss=1.0753, Value Loss=0.2554
[EP 890] Buffer=50000, T=0.45, Loss=1.6397, Policy Loss=1.0945, Value Loss=0.2478
[EP 891] Buffer=50000, T=0.45, Loss=1.6249, Policy Loss=1.0669, Value Loss=0.2607
[EP 892] Buffer=50000, T=0.45, Loss=1.6148, Policy Loss=1.0648, Value Loss=0.2527
[EP 893] Buffer=50000, T=0.45, Loss=1.6314, Policy Loss=1.0942, Value Loss=0.2399
[EP 894] Buffer=50000, T=0.45, Loss=1.5895, Policy Loss=1.0585, Value Loss=0.2338
[EP 895] Buffer=50000, T=0.45, Loss=1.5990, Policy Loss=1.0393, Value Loss=0.2625
[EP 896] Buffer=50000, T=0.44, Loss=1.6434, Policy Loss=1.0866, Value Loss=0.2597
[EP 897] Buffer=50000, T=0.44, Loss=1.5704, Policy Loss=1.0342, Value Loss=0.2390
[EP 898] Buffer=50000, T=0.44, Loss=1.5633, Policy Loss=1.0238, Value Loss=0.2424
[EP 899] Buffer=50000, T=0.44, Loss=1.5575, Policy Loss=1.0045, Value Loss=0.2560
[EP 900] Buffer=50000, T=0.44, Loss=1.5658, Policy Loss=1.0152, Value Loss=0.2535
[EP 901] Buffer=50000, T=0.44, Loss=1.5458, Policy Loss=1.0001, Value Loss=0.2487
[EP 902] Buffer=50000, T=0.44, Loss=1.5240, Policy Loss=0.9922, Value Loss=0.2348
[EP 903] Buffer=50000, T=0.44, Loss=1.5231, Policy Loss=0.9891, Value Loss=0.2370
[EP 904] Buffer=50000, T=0.43, Loss=1.5083, Policy Loss=0.9771, Value Loss=0.2343
[EP 905] Buffer=50000, T=0.43, Loss=1.5041, Policy Loss=0.9815, Value Loss=0.2257
[EP 906] Buffer=50000, T=0.43, Loss=1.4873, Policy Loss=0.9592, Value Loss=0.2313
[EP 907] Buffer=50000, T=0.43, Loss=1.4891, Policy Loss=0.9515, Value Loss=0.2408
[EP 908] Buffer=50000, T=0.43, Loss=1.4664, Policy Loss=0.9634, Value Loss=0.2062
[EP 909] Buffer=50000, T=0.43, Loss=1.4744, Policy Loss=0.9415, Value Loss=0.2362
[EP 910] Buffer=50000, T=0.43, Loss=1.4470, Policy Loss=0.9356, Value Loss=0.2148
[EP 911] Buffer=50000, T=0.42, Loss=1.4524, Policy Loss=0.9416, Value Loss=0.2141
[EP 912] Buffer=50000, T=0.42, Loss=1.4479, Policy Loss=0.9252, Value Loss=0.2261
[EP 913] Buffer=50000, T=0.42, Loss=1.4265, Policy Loss=0.8931, Value Loss=0.2369
[EP 914] Buffer=50000, T=0.42, Loss=1.4479, Policy Loss=0.9166, Value Loss=0.2347
[EP 915] Buffer=50000, T=0.42, Loss=1.4158, Policy Loss=0.9047, Value Loss=0.2146
[EP 916] Buffer=50000, T=0.42, Loss=1.3922, Policy Loss=0.8840, Value Loss=0.2117
[EP 917] Buffer=50000, T=0.42, Loss=1.3679, Policy Loss=0.8536, Value Loss=0.2179
[EP 918] Buffer=50000, T=0.41, Loss=1.3800, Policy Loss=0.8841, Value Loss=0.1995
[EP 919] Buffer=50000, T=0.41, Loss=1.3691, Policy Loss=0.8588, Value Loss=0.2139
[EP 920] Buffer=50000, T=0.41, Loss=1.3720, Policy Loss=0.8502, Value Loss=0.2255
[EP 921] Buffer=50000, T=0.41, Loss=1.3744, Policy Loss=0.8679, Value Loss=0.2103
[EP 922] Buffer=50000, T=0.41, Loss=1.3715, Policy Loss=0.8596, Value Loss=0.2157
[EP 923] Buffer=50000, T=0.41, Loss=1.3436, Policy Loss=0.8516, Value Loss=0.1958
[EP 924] Buffer=50000, T=0.41, Loss=1.3184, Policy Loss=0.8279, Value Loss=0.1944
[EP 925] Buffer=50000, T=0.40, Loss=1.3390, Policy Loss=0.8337, Value Loss=0.2092
[EP 926] Buffer=50000, T=0.40, Loss=1.3565, Policy Loss=0.8350, Value Loss=0.2255
[EP 927] Buffer=50000, T=0.40, Loss=1.3253, Policy Loss=0.8198, Value Loss=0.2095
[EP 928] Buffer=50000, T=0.40, Loss=1.3298, Policy Loss=0.8213, Value Loss=0.2125
[EP 929] Buffer=50000, T=0.40, Loss=1.3298, Policy Loss=0.8212, Value Loss=0.2127
[EP 930] Buffer=50000, T=0.40, Loss=1.2877, Policy Loss=0.7934, Value Loss=0.1984
[EP 931] Buffer=50000, T=0.40, Loss=1.3444, Policy Loss=0.8046, Value Loss=0.2441
[EP 932] Buffer=50000, T=0.39, Loss=1.3072, Policy Loss=0.8032, Value Loss=0.2082
[EP 933] Buffer=50000, T=0.39, Loss=1.2619, Policy Loss=0.7725, Value Loss=0.1937
[EP 934] Buffer=50000, T=0.39, Loss=1.3036, Policy Loss=0.7911, Value Loss=0.2168
[EP 935] Buffer=50000, T=0.39, Loss=1.3184, Policy Loss=0.7927, Value Loss=0.2301
[EP 936] Buffer=50000, T=0.39, Loss=1.3418, Policy Loss=0.8105, Value Loss=0.2358
[EP 937] Buffer=50000, T=0.39, Loss=1.2937, Policy Loss=0.7833, Value Loss=0.2148
[EP 938] Buffer=50000, T=0.39, Loss=1.2915, Policy Loss=0.7892, Value Loss=0.2069
[EP 939] Buffer=50000, T=0.38, Loss=1.2621, Policy Loss=0.7619, Value Loss=0.2048
[EP 940] Buffer=50000, T=0.38, Loss=1.2790, Policy Loss=0.7870, Value Loss=0.1966
[EP 941] Buffer=50000, T=0.38, Loss=1.2652, Policy Loss=0.7585, Value Loss=0.2114
[EP 942] Buffer=50000, T=0.38, Loss=1.2678, Policy Loss=0.7607, Value Loss=0.2117
[EP 943] Buffer=50000, T=0.38, Loss=1.2579, Policy Loss=0.7414, Value Loss=0.2212
[EP 944] Buffer=50000, T=0.38, Loss=1.2411, Policy Loss=0.7540, Value Loss=0.1919
[EP 945] Buffer=50000, T=0.38, Loss=1.2585, Policy Loss=0.7675, Value Loss=0.1959
[EP 946] Buffer=50000, T=0.37, Loss=1.2474, Policy Loss=0.7538, Value Loss=0.1984
[EP 947] Buffer=50000, T=0.37, Loss=1.2317, Policy Loss=0.7398, Value Loss=0.1968
[EP 948] Buffer=50000, T=0.37, Loss=1.2257, Policy Loss=0.7305, Value Loss=0.2001
[EP 949] Buffer=50000, T=0.37, Loss=1.2166, Policy Loss=0.7296, Value Loss=0.1920
[EP 950] Buffer=50000, T=0.37, Loss=1.2385, Policy Loss=0.7393, Value Loss=0.2043
[EP 951] Buffer=50000, T=0.37, Loss=1.2162, Policy Loss=0.7179, Value Loss=0.2034
[EP 952] Buffer=50000, T=0.37, Loss=1.1998, Policy Loss=0.7240, Value Loss=0.1809
[EP 953] Buffer=50000, T=0.36, Loss=1.2388, Policy Loss=0.7446, Value Loss=0.1993
[EP 954] Buffer=50000, T=0.36, Loss=1.1752, Policy Loss=0.6943, Value Loss=0.1862
[EP 955] Buffer=50000, T=0.36, Loss=1.2124, Policy Loss=0.7351, Value Loss=0.1826
[EP 956] Buffer=50000, T=0.36, Loss=1.2069, Policy Loss=0.7185, Value Loss=0.1937
[EP 957] Buffer=50000, T=0.36, Loss=1.2052, Policy Loss=0.7394, Value Loss=0.1713
[EP 958] Buffer=50000, T=0.36, Loss=1.1828, Policy Loss=0.7052, Value Loss=0.1831
[EP 959] Buffer=50000, T=0.36, Loss=1.1673, Policy Loss=0.6961, Value Loss=0.1767
[EP 960] Buffer=50000, T=0.35, Loss=1.1551, Policy Loss=0.6772, Value Loss=0.1835
[EP 961] Buffer=50000, T=0.35, Loss=1.1613, Policy Loss=0.6941, Value Loss=0.1729
[EP 962] Buffer=50000, T=0.35, Loss=1.1420, Policy Loss=0.6636, Value Loss=0.1841
[EP 963] Buffer=50000, T=0.35, Loss=1.1381, Policy Loss=0.6763, Value Loss=0.1676
[EP 964] Buffer=50000, T=0.35, Loss=1.1874, Policy Loss=0.6908, Value Loss=0.2023
[EP 965] Buffer=50000, T=0.35, Loss=1.1659, Policy Loss=0.6721, Value Loss=0.1996
[EP 966] Buffer=50000, T=0.35, Loss=1.1432, Policy Loss=0.6575, Value Loss=0.1916
[EP 967] Buffer=50000, T=0.34, Loss=1.1371, Policy Loss=0.6543, Value Loss=0.1887
[EP 968] Buffer=50000, T=0.34, Loss=1.2144, Policy Loss=0.7129, Value Loss=0.2075
[EP 969] Buffer=50000, T=0.34, Loss=1.1649, Policy Loss=0.6884, Value Loss=0.1825
[EP 970] Buffer=50000, T=0.34, Loss=1.1656, Policy Loss=0.6705, Value Loss=0.2012
[EP 971] Buffer=50000, T=0.34, Loss=1.1736, Policy Loss=0.6883, Value Loss=0.1915
[EP 972] Buffer=50000, T=0.34, Loss=1.1536, Policy Loss=0.6624, Value Loss=0.1975
[EP 973] Buffer=50000, T=0.34, Loss=1.1421, Policy Loss=0.6590, Value Loss=0.1893
[EP 974] Buffer=50000, T=0.33, Loss=1.1705, Policy Loss=0.6779, Value Loss=0.1988
[EP 975] Buffer=50000, T=0.33, Loss=1.1399, Policy Loss=0.6549, Value Loss=0.1913
[EP 976] Buffer=50000, T=0.33, Loss=1.1379, Policy Loss=0.6554, Value Loss=0.1889
[EP 977] Buffer=50000, T=0.33, Loss=1.1339, Policy Loss=0.6332, Value Loss=0.2071
[EP 978] Buffer=50000, T=0.33, Loss=1.1365, Policy Loss=0.6514, Value Loss=0.1917
[EP 979] Buffer=50000, T=0.33, Loss=1.1694, Policy Loss=0.6464, Value Loss=0.2295
[EP 980] Buffer=50000, T=0.33, Loss=1.2199, Policy Loss=0.6792, Value Loss=0.2472
[EP 981] Buffer=50000, T=0.32, Loss=1.1573, Policy Loss=0.6452, Value Loss=0.2187
[EP 982] Buffer=50000, T=0.32, Loss=1.1558, Policy Loss=0.6517, Value Loss=0.2108
[EP 983] Buffer=50000, T=0.32, Loss=1.1868, Policy Loss=0.6637, Value Loss=0.2298
[EP 984] Buffer=50000, T=0.32, Loss=1.1512, Policy Loss=0.6514, Value Loss=0.2065
[EP 985] Buffer=50000, T=0.32, Loss=1.1898, Policy Loss=0.6764, Value Loss=0.2202
[EP 986] Buffer=50000, T=0.32, Loss=1.2160, Policy Loss=0.6762, Value Loss=0.2466
[EP 987] Buffer=50000, T=0.32, Loss=1.1799, Policy Loss=0.6623, Value Loss=0.2245
[EP 988] Buffer=50000, T=0.31, Loss=1.1980, Policy Loss=0.6629, Value Loss=0.2420
[EP 989] Buffer=50000, T=0.31, Loss=1.2358, Policy Loss=0.6757, Value Loss=0.2670
[EP 990] Buffer=50000, T=0.31, Loss=1.2380, Policy Loss=0.6877, Value Loss=0.2573
[EP 991] Buffer=50000, T=0.31, Loss=1.2110, Policy Loss=0.6679, Value Loss=0.2502
[EP 992] Buffer=50000, T=0.31, Loss=1.2515, Policy Loss=0.6924, Value Loss=0.2662
[EP 993] Buffer=50000, T=0.31, Loss=1.2234, Policy Loss=0.6616, Value Loss=0.2689
[EP 994] Buffer=50000, T=0.31, Loss=1.2414, Policy Loss=0.6801, Value Loss=0.2684
[EP 995] Buffer=50000, T=0.30, Loss=1.2597, Policy Loss=0.6885, Value Loss=0.2783
[EP 996] Buffer=50000, T=0.30, Loss=1.2786, Policy Loss=0.7079, Value Loss=0.2778
[EP 997] Buffer=50000, T=0.30, Loss=1.3248, Policy Loss=0.7217, Value Loss=0.3103
[EP 998] Buffer=50000, T=0.30, Loss=1.3066, Policy Loss=0.7139, Value Loss=0.3000
[EP 999] Buffer=50000, T=0.30, Loss=1.2672, Policy Loss=0.6943, Value Loss=0.2802
[EP 1000] Buffer=50000, T=0.30, Loss=1.3072, Policy Loss=0.7164, Value Loss=0.2980
