共计算了22步
总用时：879.08299999s
平均用时：39.95831818136364s
最大用时：117.191s
最小用时：0s
用时标准差：34.07500764994248
用时方差：1161.1061463436386
用时中位数：37.278499999999994

117.191
47.419
70.694
56.928
63.559
107.206
51.644
32.94
52.365
63.479
32.977
39.678
30.85
0
0
34.879
74.541
0
2.67
0.0609999
0.00200009
0

当前棋盘(底→顶):
[ ] [ ] [ ] [ ] [ ]
[ ] [ ] [ ] [ ] [ ]
[ ] [ ] [ ] [ ] [ ]
[ ] [ ] [ ] [ ] [ ]
[ ] [ ] [ ] [ ] [ ]

AI思考中...
AI第一手: 行3,列3, 耗时 117.191s
当前棋盘(底→顶):
[ ] [ ] [ ] [ ] [ ]
[ ] [ ] [ ] [ ] [ ]
[ ] [ ] [B] [ ] [ ]
[ ] [ ] [ ] [ ] [ ]
[ ] [ ] [ ] [ ] [ ]

请输入落子 (行 列),从1开始: 2 4
当前棋盘(底→顶):
[ ] [ ] [ ] [ ] [ ]
[ ] [ ] [ ] [W] [ ]
[ ] [ ] [B] [ ] [ ]
[ ] [ ] [ ] [ ] [ ]
[ ] [ ] [ ] [ ] [ ]

AI思考中...
AI落子: 行3,列3, 耗时 47.419s, score=5280
当前棋盘(底→顶):
[ ] [ ] [ ] [ ] [ ]
[ ] [ ] [ ] [W] [ ]
[ ] [ ] [BB] [ ] [ ]
[ ] [ ] [ ] [ ] [ ]
[ ] [ ] [ ] [ ] [ ]

请输入落子 (行 列),从1开始: 3 3
当前棋盘(底→顶):
[ ] [ ] [ ] [ ] [ ]
[ ] [ ] [ ] [W] [ ]
[ ] [ ] [BBW] [ ] [ ]
[ ] [ ] [ ] [ ] [ ]
[ ] [ ] [ ] [ ] [ ]

AI思考中...
AI落子: 行4,列4, 耗时 70.694s, score=5810
当前棋盘(底→顶):
[ ] [ ] [ ] [ ] [ ]
[ ] [ ] [ ] [W] [ ]
[ ] [ ] [BBW] [ ] [ ]
[ ] [ ] [ ] [B] [ ]
[ ] [ ] [ ] [ ] [ ]

请输入落子 (行 列),从1开始: 2 2
当前棋盘(底→顶):
[ ] [ ] [ ] [ ] [ ]
[ ] [W] [ ] [W] [ ]
[ ] [ ] [BBW] [ ] [ ]
[ ] [ ] [ ] [B] [ ]
[ ] [ ] [ ] [ ] [ ]

AI思考中...
AI落子: 行2,列3, 耗时 56.928s, score=5700
当前棋盘(底→顶):
[ ] [ ] [ ] [ ] [ ]
[ ] [W] [B] [W] [ ]
[ ] [ ] [BBW] [ ] [ ]
[ ] [ ] [ ] [B] [ ]
[ ] [ ] [ ] [ ] [ ]

请输入落子 (行 列),从1开始: 4 3
当前棋盘(底→顶):
[ ] [ ] [ ] [ ] [ ]
[ ] [W] [B] [W] [ ]
[ ] [ ] [BBW] [ ] [ ]
[ ] [ ] [W] [B] [ ]
[ ] [ ] [ ] [ ] [ ]

AI思考中...
AI落子: 行3,列2, 耗时 63.559s, score=6330
当前棋盘(底→顶):
[ ] [ ] [ ] [ ] [ ]
[ ] [W] [B] [W] [ ]
[ ] [B] [BBW] [ ] [ ]
[ ] [ ] [W] [B] [ ]
[ ] [ ] [ ] [ ] [ ]

请输入落子 (行 列),从1开始: 3 4
当前棋盘(底→顶):
[ ] [ ] [ ] [ ] [ ]
[ ] [W] [B] [W] [ ]
[ ] [B] [BBW] [W] [ ]
[ ] [ ] [W] [B] [ ]
[ ] [ ] [ ] [ ] [ ]

AI思考中...
AI落子: 行3,列4, 耗时 107.206s, score=6520
当前棋盘(底→顶):
[ ] [ ] [ ] [ ] [ ]
[ ] [W] [B] [W] [ ]
[ ] [B] [BBW] [WB] [ ]
[ ] [ ] [W] [B] [ ]
[ ] [ ] [ ] [ ] [ ]

请输入落子 (行 列),从1开始: 4 1
当前棋盘(底→顶):
[ ] [ ] [ ] [ ] [ ]
[ ] [W] [B] [W] [ ]
[ ] [B] [BBW] [WB] [ ]
[W] [ ] [W] [B] [ ]
[ ] [ ] [ ] [ ] [ ]

AI思考中...
AI落子: 行3,列2, 耗时 51.644s, score=16170
当前棋盘(底→顶):
[ ] [ ] [ ] [ ] [ ]
[ ] [W] [B] [W] [ ]
[ ] [BB] [BBW] [WB] [ ]
[W] [ ] [W] [B] [ ]
[ ] [ ] [ ] [ ] [ ]

请输入落子 (行 列),从1开始: 4 3
当前棋盘(底→顶):
[ ] [ ] [ ] [ ] [ ]
[ ] [W] [B] [W] [ ]
[ ] [BB] [BBW] [WB] [ ]
[W] [ ] [WW] [B] [ ]
[ ] [ ] [ ] [ ] [ ]

AI思考中...
AI落子: 行4,列3, 耗时 32.94s, score=16730
当前棋盘(底→顶):
[ ] [ ] [ ] [ ] [ ]
[ ] [W] [B] [W] [ ]
[ ] [BB] [BBW] [WB] [ ]
[W] [ ] [WWB] [B] [ ]
[ ] [ ] [ ] [ ] [ ]

请输入落子 (行 列),从1开始: 2 3
当前棋盘(底→顶):
[ ] [ ] [ ] [ ] [ ]
[ ] [W] [BW] [W] [ ]
[ ] [BB] [BBW] [WB] [ ]
[W] [ ] [WWB] [B] [ ]
[ ] [ ] [ ] [ ] [ ]

AI思考中...
AI落子: 行3,列2, 耗时 52.365s, score=19240
当前棋盘(底→顶):
[ ] [ ] [ ] [ ] [ ]
[ ] [W] [BW] [W] [ ]
[ ] [BBB] [BBW] [WB] [ ]
[W] [ ] [WWB] [B] [ ]
[ ] [ ] [ ] [ ] [ ]

请输入落子 (行 列),从1开始: 3 2
当前棋盘(底→顶):
[ ] [ ] [ ] [ ] [ ]
[ ] [W] [BW] [W] [ ]
[ ] [BBBW] [BBW] [WB] [ ]
[W] [ ] [WWB] [B] [ ]
[ ] [ ] [ ] [ ] [ ]

AI思考中...
AI落子: 行2,列5, 耗时 63.479s, score=19190
当前棋盘(底→顶):
[ ] [ ] [ ] [ ] [ ]
[ ] [W] [BW] [W] [B]
[ ] [BBBW] [BBW] [WB] [ ]
[W] [ ] [WWB] [B] [ ]
[ ] [ ] [ ] [ ] [ ]

请输入落子 (行 列),从1开始: 4 5
当前棋盘(底→顶):
[ ] [ ] [ ] [ ] [ ]
[ ] [W] [BW] [W] [B]
[ ] [BBBW] [BBW] [WB] [ ]
[W] [ ] [WWB] [B] [W]
[ ] [ ] [ ] [ ] [ ]

AI思考中...
AI落子: 行2,列4, 耗时 32.977s, score=21340
当前棋盘(底→顶):
[ ] [ ] [ ] [ ] [ ]
[ ] [W] [BW] [WB] [B]
[ ] [BBBW] [BBW] [WB] [ ]
[W] [ ] [WWB] [B] [W]
[ ] [ ] [ ] [ ] [ ]

请输入落子 (行 列),从1开始: 5 3
当前棋盘(底→顶):
[ ] [ ] [ ] [ ] [ ]
[ ] [W] [BW] [WB] [B]
[ ] [BBBW] [BBW] [WB] [ ]
[W] [ ] [WWB] [B] [W]
[ ] [ ] [W] [ ] [ ]

AI思考中...
AI落子: 行4,列3, 耗时 39.678s, score=27060
当前棋盘(底→顶):
[ ] [ ] [ ] [ ] [ ]
[ ] [W] [BW] [WB] [B]
[ ] [BBBW] [BBW] [WB] [ ]
[W] [ ] [WWBB] [B] [W]
[ ] [ ] [W] [ ] [ ]

请输入落子 (行 列),从1开始: 4 1
当前棋盘(底→顶):
[ ] [ ] [ ] [ ] [ ]
[ ] [W] [BW] [WB] [B]
[ ] [BBBW] [BBW] [WB] [ ]
[WW] [ ] [WWBB] [B] [W]
[ ] [ ] [W] [ ] [ ]

AI思考中...
AI落子: 行4,列4, 耗时 30.85s, score=37080
当前棋盘(底→顶):
[ ] [ ] [ ] [ ] [ ]
[ ] [W] [BW] [WB] [B]
[ ] [BBBW] [BBW] [WB] [ ]
[WW] [ ] [WWBB] [BB] [W]
[ ] [ ] [W] [ ] [ ]

请输入落子 (行 列),从1开始: 2 3
当前棋盘(底→顶):
[ ] [ ] [ ] [ ] [ ]
[ ] [W] [BWW] [WB] [B]
[ ] [BBBW] [BBW] [WB] [ ]
[WW] [ ] [WWBB] [BB] [W]
[ ] [ ] [W] [ ] [ ]

AI思考中...
【AI紧急策略】落子: 行2,列3, 耗时 0s
当前棋盘(底→顶):
[ ] [ ] [ ] [ ] [ ]
[ ] [W] [BWWB] [WB] [B]
[ ] [BBBW] [BBW] [WB] [ ]
[WW] [ ] [WWBB] [BB] [W]
[ ] [ ] [W] [ ] [ ]

请输入落子 (行 列),从1开始: 4 1
当前棋盘(底→顶):
[ ] [ ] [ ] [ ] [ ]
[ ] [W] [BWWB] [WB] [B]
[ ] [BBBW] [BBW] [WB] [ ]
[WWW] [ ] [WWBB] [BB] [W]
[ ] [ ] [W] [ ] [ ]

AI思考中...
【AI紧急策略】落子: 行4,列1, 耗时 0s
当前棋盘(底→顶):
[ ] [ ] [ ] [ ] [ ]
[ ] [W] [BWWB] [WB] [B]
[ ] [BBBW] [BBW] [WB] [ ]
[WWWB] [ ] [WWBB] [BB] [W]
[ ] [ ] [W] [ ] [ ]

请输入落子 (行 列),从1开始: 2 2
当前棋盘(底→顶):
[ ] [ ] [ ] [ ] [ ]
[ ] [WW] [BWWB] [WB] [B]
[ ] [BBBW] [BBW] [WB] [ ]
[WWWB] [ ] [WWBB] [BB] [W]
[ ] [ ] [W] [ ] [ ]

AI思考中...
AI落子: 行2,列2, 耗时 34.879s, score=38060
当前棋盘(底→顶):
[ ] [ ] [ ] [ ] [ ]
[ ] [WWB] [BWWB] [WB] [B]
[ ] [BBBW] [BBW] [WB] [ ]
[WWWB] [ ] [WWBB] [BB] [W]
[ ] [ ] [W] [ ] [ ]

请输入落子 (行 列),从1开始: 1 1
当前棋盘(底→顶):
[W] [ ] [ ] [ ] [ ]
[ ] [WWB] [BWWB] [WB] [B]
[ ] [BBBW] [BBW] [WB] [ ]
[WWWB] [ ] [WWBB] [BB] [W]
[ ] [ ] [W] [ ] [ ]

AI思考中...
AI落子: 行2,列1, 耗时 74.541s, score=61630
当前棋盘(底→顶):
[W] [ ] [ ] [ ] [ ]
[B] [WWB] [BWWB] [WB] [B]
[ ] [BBBW] [BBW] [WB] [ ]
[WWWB] [ ] [WWBB] [BB] [W]
[ ] [ ] [W] [ ] [ ]

请输入落子 (行 列),从1开始: 4 4
当前棋盘(底→顶):
[W] [ ] [ ] [ ] [ ]
[B] [WWB] [BWWB] [WB] [B]
[ ] [BBBW] [BBW] [WB] [ ]
[WWWB] [ ] [WWBB] [BBW] [W]
[ ] [ ] [W] [ ] [ ]

AI思考中...
【AI紧急策略】落子: 行4,列4, 耗时 0s
当前棋盘(底→顶):
[W] [ ] [ ] [ ] [ ]
[B] [WWB] [BWWB] [WB] [B]
[ ] [BBBW] [BBW] [WB] [ ]
[WWWB] [ ] [WWBB] [BBWB] [W]
[ ] [ ] [W] [ ] [ ]

请输入落子 (行 列),从1开始: 3 4
当前棋盘(底→顶):
[W] [ ] [ ] [ ] [ ]
[B] [WWB] [BWWB] [WB] [B]
[ ] [BBBW] [BBW] [WBW] [ ]
[WWWB] [ ] [WWBB] [BBWB] [W]
[ ] [ ] [W] [ ] [ ]

AI思考中...
AI落子: 行5,列4, 耗时 2.67s, score=1e+08
当前棋盘(底→顶):
[W] [ ] [ ] [ ] [ ]
[B] [WWB] [BWWB] [WB] [B]
[ ] [BBBW] [BBW] [WBW] [ ]
[WWWB] [ ] [WWBB] [BBWB] [W]
[ ] [ ] [W] [B] [ ]

请输入落子 (行 列),从1开始: 5 4
当前棋盘(底→顶):
[W] [ ] [ ] [ ] [ ]
[B] [WWB] [BWWB] [WB] [B]
[ ] [BBBW] [BBW] [WBW] [ ]
[WWWB] [ ] [WWBB] [BBWB] [W]
[ ] [ ] [W] [BW] [ ]

AI思考中...
AI落子: 行5,列4, 耗时 0.0609999s, score=1e+08
当前棋盘(底→顶):
[W] [ ] [ ] [ ] [ ]
[B] [WWB] [BWWB] [WB] [B]
[ ] [BBBW] [BBW] [WBW] [ ]
[WWWB] [ ] [WWBB] [BBWB] [W]
[ ] [ ] [W] [BWB] [ ]

请输入落子 (行 列),从1开始: 5 4
当前棋盘(底→顶):
[W] [ ] [ ] [ ] [ ]
[B] [WWB] [BWWB] [WB] [B]
[ ] [BBBW] [BBW] [WBW] [ ]
[WWWB] [ ] [WWBB] [BBWB] [W]
[ ] [ ] [W] [BWBW] [ ]

AI思考中...
AI落子: 行5,列4, 耗时 0.00200009s, score=1e+08
当前棋盘(底→顶):
[W] [ ] [ ] [ ] [ ]
[B] [WWB] [BWWB] [WB] [B]
[ ] [BBBW] [BBW] [WBW] [ ]
[WWWB] [ ] [WWBB] [BBWB] [W]
[ ] [ ] [W] [BWBWB] [ ]

请输入落子 (行 列),从1开始: 2 1
当前棋盘(底→顶):
[W] [ ] [ ] [ ] [ ]
[BW] [WWB] [BWWB] [WB] [B]
[ ] [BBBW] [BBW] [WBW] [ ]
[WWWB] [ ] [WWBB] [BBWB] [W]
[ ] [ ] [W] [BWBWB] [ ]

AI思考中...
【AI紧急策略】落子: 行2,列1, 耗时 0s
当前棋盘(底→顶):
[W] [ ] [ ] [ ] [ ]
[BWB] [WWB] [BWWB] [WB] [B]
[ ] [BBBW] [BBW] [WBW] [ ]
[WWWB] [ ] [WWBB] [BBWB] [W]
[ ] [ ] [W] [BWBWB] [ ]

游戏结束, 胜者: B
当前棋盘(底→顶):
[W] [ ] [ ] [ ] [ ]
[BWB] [WWB] [BWWB] [WB] [B]
[ ] [BBBW] [BBW] [WBW] [ ]
[WWWB] [ ] [WWBB] [BBWB] [W]
[ ] [ ] [W] [BWBWB] [ ] 

游戏结束!